RUN	simulations.BasicLoadSimulation		basicloadsimulation	1605108457584	 	2.0
USER	Video Game DB	3	START	1605108463501	1605108463501
USER	Video Game DB	6	START	1605108463501	1605108463501
USER	Video Game DB	2	START	1605108463501	1605108463501
USER	Video Game DB	5	START	1605108463501	1605108463501
USER	Video Game DB	4	START	1605108463501	1605108463501
USER	Video Game DB	1	START	1605108463501	1605108463501
REQUEST	Video Game DB	2		Get All Video Games	1605108463536	1605108463562	OK	 
REQUEST	Video Game DB	3		Get All Video Games	1605108463536	1605108463562	OK	 
REQUEST	Video Game DB	6		Get All Video Games	1605108463536	1605108463562	OK	 
REQUEST	Video Game DB	5		Get All Video Games	1605108463536	1605108463562	OK	 
REQUEST	Video Game DB	4		Get All Video Games	1605108463536	1605108463562	OK	 
REQUEST	Video Game DB	1		Get All Video Games	1605108463536	1605108463562	OK	 
USER	Video Game DB	7	START	1605108464490	1605108464490
REQUEST	Video Game DB	7		Get All Video Games	1605108464490	1605108464496	OK	 
USER	Video Game DB	8	START	1605108465499	1605108465499
REQUEST	Video Game DB	8		Get All Video Games	1605108465499	1605108465505	OK	 
USER	Video Game DB	9	START	1605108466500	1605108466500
REQUEST	Video Game DB	9		Get All Video Games	1605108466500	1605108466505	OK	 
USER	Video Game DB	10	START	1605108467502	1605108467502
REQUEST	Video Game DB	10		Get All Video Games	1605108467502	1605108467507	OK	 
USER	Video Game DB	11	START	1605108468491	1605108468491
REQUEST	Video Game DB	11		Get All Video Games	1605108468491	1605108468497	OK	 
REQUEST	Video Game DB	6		Get Specific Video Game	1605108468591	1605108468600	OK	 
REQUEST	Video Game DB	1		Get Specific Video Game	1605108468591	1605108468600	OK	 
REQUEST	Video Game DB	5		Get Specific Video Game	1605108468591	1605108468600	OK	 
REQUEST	Video Game DB	2		Get Specific Video Game	1605108468591	1605108468600	OK	 
REQUEST	Video Game DB	3		Get Specific Video Game	1605108468591	1605108468600	OK	 
REQUEST	Video Game DB	4		Get Specific Video Game	1605108468591	1605108468600	OK	 
USER	Video Game DB	12	START	1605108469490	1605108469490
REQUEST	Video Game DB	12		Get All Video Games	1605108469490	1605108469495	OK	 
REQUEST	Video Game DB	7		Get Specific Video Game	1605108469509	1605108469512	OK	 
USER	Video Game DB	13	START	1605108470499	1605108470499
REQUEST	Video Game DB	13		Get All Video Games	1605108470499	1605108470504	OK	 
REQUEST	Video Game DB	8		Get Specific Video Game	1605108470522	1605108470525	OK	 
USER	Video Game DB	14	START	1605108471499	1605108471499
REQUEST	Video Game DB	14		Get All Video Games	1605108471500	1605108471504	OK	 
REQUEST	Video Game DB	9		Get Specific Video Game	1605108471520	1605108471523	OK	 
USER	Video Game DB	15	START	1605108472500	1605108472500
REQUEST	Video Game DB	15		Get All Video Games	1605108472500	1605108472504	OK	 
REQUEST	Video Game DB	10		Get Specific Video Game	1605108472520	1605108472523	OK	 
REQUEST	Video Game DB	11		Get Specific Video Game	1605108473509	1605108473513	OK	 
REQUEST	Video Game DB	3		Get All Video Games	1605108473590	1605108473594	OK	 
REQUEST	Video Game DB	4		Get All Video Games	1605108473590	1605108473594	OK	 
REQUEST	Video Game DB	2		Get All Video Games	1605108473590	1605108473595	OK	 
REQUEST	Video Game DB	5		Get All Video Games	1605108473590	1605108473594	OK	 
REQUEST	Video Game DB	1		Get All Video Games	1605108473590	1605108473594	OK	 
REQUEST	Video Game DB	6		Get All Video Games	1605108473590	1605108473594	OK	 
USER	Video Game DB	6	END	1605108463501	1605108473597
USER	Video Game DB	2	END	1605108463501	1605108473597
USER	Video Game DB	4	END	1605108463501	1605108473597
USER	Video Game DB	3	END	1605108463501	1605108473597
USER	Video Game DB	5	END	1605108463501	1605108473597
USER	Video Game DB	1	END	1605108463501	1605108473597
REQUEST	Video Game DB	12		Get Specific Video Game	1605108474511	1605108474514	OK	 
REQUEST	Video Game DB	7		Get All Video Games	1605108474522	1605108474525	OK	 
USER	Video Game DB	7	END	1605108464490	1605108474525
REQUEST	Video Game DB	13		Get Specific Video Game	1605108475520	1605108475523	OK	 
REQUEST	Video Game DB	8		Get All Video Games	1605108475530	1605108475533	OK	 
USER	Video Game DB	8	END	1605108465499	1605108475534
REQUEST	Video Game DB	14		Get Specific Video Game	1605108476520	1605108476523	OK	 
REQUEST	Video Game DB	9		Get All Video Games	1605108476530	1605108476533	OK	 
USER	Video Game DB	9	END	1605108466500	1605108476533
REQUEST	Video Game DB	15		Get Specific Video Game	1605108477519	1605108477523	OK	 
REQUEST	Video Game DB	10		Get All Video Games	1605108477529	1605108477532	OK	 
USER	Video Game DB	10	END	1605108467502	1605108477533
REQUEST	Video Game DB	11		Get All Video Games	1605108478521	1605108478524	OK	 
USER	Video Game DB	11	END	1605108468491	1605108478525
REQUEST	Video Game DB	12		Get All Video Games	1605108479520	1605108479522	OK	 
USER	Video Game DB	12	END	1605108469490	1605108479523
REQUEST	Video Game DB	13		Get All Video Games	1605108480529	1605108480532	OK	 
USER	Video Game DB	13	END	1605108470499	1605108480533
REQUEST	Video Game DB	14		Get All Video Games	1605108481530	1605108481533	OK	 
USER	Video Game DB	14	END	1605108471499	1605108481533
REQUEST	Video Game DB	15		Get All Video Games	1605108482530	1605108482533	OK	 
USER	Video Game DB	15	END	1605108472500	1605108482534
