RUN	simulations.RampUsersLoadSimulation		rampusersloadsimulation	1605176971943	 	2.0
USER	Video Game DB	1	START	1605176977785	1605176977785
USER	Video Game DB	2	START	1605176977882	1605176977882
REQUEST	Video Game DB	2		Get All Video Games	1605176977882	1605176977890	OK	 
REQUEST	Video Game DB	1		Get All Video Games	1605176977814	1605176977873	OK	 
USER	Video Game DB	3	START	1605176977982	1605176977982
REQUEST	Video Game DB	3		Get All Video Games	1605176977983	1605176977991	OK	 
USER	Video Game DB	4	START	1605176978083	1605176978083
REQUEST	Video Game DB	4		Get All Video Games	1605176978083	1605176978091	OK	 
USER	Video Game DB	5	START	1605176978181	1605176978181
REQUEST	Video Game DB	5		Get All Video Games	1605176978182	1605176978190	OK	 
USER	Video Game DB	6	START	1605176978283	1605176978283
REQUEST	Video Game DB	6		Get All Video Games	1605176978283	1605176978291	OK	 
USER	Video Game DB	7	START	1605176978382	1605176978382
REQUEST	Video Game DB	7		Get All Video Games	1605176978383	1605176978391	OK	 
USER	Video Game DB	8	START	1605176978481	1605176978481
REQUEST	Video Game DB	8		Get All Video Games	1605176978482	1605176978490	OK	 
USER	Video Game DB	9	START	1605176978581	1605176978581
REQUEST	Video Game DB	9		Get All Video Games	1605176978581	1605176978588	OK	 
USER	Video Game DB	10	START	1605176978682	1605176978682
REQUEST	Video Game DB	10		Get All Video Games	1605176978683	1605176978690	OK	 
USER	Video Game DB	11	START	1605176978781	1605176978781
REQUEST	Video Game DB	11		Get All Video Games	1605176978782	1605176978789	OK	 
USER	Video Game DB	12	START	1605176978881	1605176978881
REQUEST	Video Game DB	12		Get All Video Games	1605176978881	1605176978889	OK	 
USER	Video Game DB	13	START	1605176978981	1605176978981
REQUEST	Video Game DB	13		Get All Video Games	1605176978981	1605176978986	OK	 
USER	Video Game DB	14	START	1605176979081	1605176979081
REQUEST	Video Game DB	14		Get All Video Games	1605176979081	1605176979089	OK	 
USER	Video Game DB	15	START	1605176979181	1605176979181
REQUEST	Video Game DB	15		Get All Video Games	1605176979181	1605176979188	OK	 
USER	Video Game DB	16	START	1605176979281	1605176979281
REQUEST	Video Game DB	16		Get All Video Games	1605176979281	1605176979288	OK	 
USER	Video Game DB	17	START	1605176979382	1605176979382
REQUEST	Video Game DB	17		Get All Video Games	1605176979383	1605176979390	OK	 
USER	Video Game DB	18	START	1605176979482	1605176979482
REQUEST	Video Game DB	18		Get All Video Games	1605176979483	1605176979490	OK	 
USER	Video Game DB	19	START	1605176979581	1605176979581
REQUEST	Video Game DB	19		Get All Video Games	1605176979581	1605176979588	OK	 
USER	Video Game DB	20	START	1605176979681	1605176979681
REQUEST	Video Game DB	20		Get All Video Games	1605176979681	1605176979688	OK	 
USER	Video Game DB	21	START	1605176979781	1605176979781
REQUEST	Video Game DB	21		Get All Video Games	1605176979781	1605176979788	OK	 
USER	Video Game DB	22	START	1605176979882	1605176979882
REQUEST	Video Game DB	22		Get All Video Games	1605176979883	1605176979890	OK	 
USER	Video Game DB	23	START	1605176979982	1605176979982
REQUEST	Video Game DB	23		Get All Video Games	1605176979983	1605176979990	OK	 
USER	Video Game DB	24	START	1605176980081	1605176980081
REQUEST	Video Game DB	24		Get All Video Games	1605176980081	1605176980088	OK	 
USER	Video Game DB	25	START	1605176980183	1605176980183
REQUEST	Video Game DB	25		Get All Video Games	1605176980183	1605176980189	OK	 
USER	Video Game DB	26	START	1605176980282	1605176980282
REQUEST	Video Game DB	26		Get All Video Games	1605176980283	1605176980289	OK	 
USER	Video Game DB	27	START	1605176980381	1605176980381
REQUEST	Video Game DB	27		Get All Video Games	1605176980381	1605176980387	OK	 
USER	Video Game DB	28	START	1605176980482	1605176980482
REQUEST	Video Game DB	28		Get All Video Games	1605176980483	1605176980489	OK	 
USER	Video Game DB	29	START	1605176980581	1605176980581
REQUEST	Video Game DB	29		Get All Video Games	1605176980581	1605176980587	OK	 
USER	Video Game DB	30	START	1605176980681	1605176980681
REQUEST	Video Game DB	30		Get All Video Games	1605176980682	1605176980688	OK	 
USER	Video Game DB	31	START	1605176980781	1605176980781
REQUEST	Video Game DB	31		Get All Video Games	1605176980781	1605176980788	OK	 
USER	Video Game DB	32	START	1605176980881	1605176980881
REQUEST	Video Game DB	32		Get All Video Games	1605176980881	1605176980887	OK	 
USER	Video Game DB	33	START	1605176980982	1605176980982
REQUEST	Video Game DB	33		Get All Video Games	1605176980983	1605176980989	OK	 
USER	Video Game DB	34	START	1605176981080	1605176981080
REQUEST	Video Game DB	34		Get All Video Games	1605176981080	1605176981086	OK	 
USER	Video Game DB	35	START	1605176981181	1605176981181
REQUEST	Video Game DB	35		Get All Video Games	1605176981181	1605176981188	OK	 
USER	Video Game DB	36	START	1605176981281	1605176981281
REQUEST	Video Game DB	36		Get All Video Games	1605176981282	1605176981287	OK	 
USER	Video Game DB	37	START	1605176981382	1605176981382
REQUEST	Video Game DB	37		Get All Video Games	1605176981383	1605176981389	OK	 
USER	Video Game DB	38	START	1605176981481	1605176981481
REQUEST	Video Game DB	38		Get All Video Games	1605176981481	1605176981487	OK	 
USER	Video Game DB	39	START	1605176981582	1605176981582
REQUEST	Video Game DB	39		Get All Video Games	1605176981582	1605176981588	OK	 
USER	Video Game DB	40	START	1605176981680	1605176981680
REQUEST	Video Game DB	40		Get All Video Games	1605176981680	1605176981686	OK	 
USER	Video Game DB	41	START	1605176981783	1605176981783
REQUEST	Video Game DB	41		Get All Video Games	1605176981783	1605176981789	OK	 
USER	Video Game DB	42	START	1605176981882	1605176981882
REQUEST	Video Game DB	42		Get All Video Games	1605176981883	1605176981889	OK	 
USER	Video Game DB	43	START	1605176981980	1605176981980
REQUEST	Video Game DB	43		Get All Video Games	1605176981981	1605176981986	OK	 
USER	Video Game DB	44	START	1605176982082	1605176982082
REQUEST	Video Game DB	44		Get All Video Games	1605176982082	1605176982088	OK	 
USER	Video Game DB	45	START	1605176982181	1605176982181
REQUEST	Video Game DB	45		Get All Video Games	1605176982181	1605176982186	OK	 
USER	Video Game DB	46	START	1605176982282	1605176982282
REQUEST	Video Game DB	46		Get All Video Games	1605176982282	1605176982286	OK	 
USER	Video Game DB	47	START	1605176982382	1605176982382
REQUEST	Video Game DB	47		Get All Video Games	1605176982382	1605176982388	OK	 
USER	Video Game DB	48	START	1605176982482	1605176982482
REQUEST	Video Game DB	48		Get All Video Games	1605176982483	1605176982488	OK	 
USER	Video Game DB	49	START	1605176982582	1605176982582
REQUEST	Video Game DB	49		Get All Video Games	1605176982582	1605176982588	OK	 
USER	Video Game DB	50	START	1605176982682	1605176982682
REQUEST	Video Game DB	50		Get All Video Games	1605176982683	1605176982688	OK	 
USER	Video Game DB	51	START	1605176982781	1605176982781
REQUEST	Video Game DB	51		Get All Video Games	1605176982781	1605176982786	OK	 
USER	Video Game DB	52	START	1605176982882	1605176982882
REQUEST	Video Game DB	52		Get All Video Games	1605176982882	1605176982888	OK	 
REQUEST	Video Game DB	1		Get Specific Video Game	1605176982892	1605176982903	OK	 
REQUEST	Video Game DB	2		Get Specific Video Game	1605176982910	1605176982914	OK	 
USER	Video Game DB	53	START	1605176982982	1605176982982
REQUEST	Video Game DB	53		Get All Video Games	1605176982983	1605176982988	OK	 
REQUEST	Video Game DB	3		Get Specific Video Game	1605176983011	1605176983016	OK	 
USER	Video Game DB	54	START	1605176983081	1605176983081
REQUEST	Video Game DB	54		Get All Video Games	1605176983081	1605176983086	OK	 
REQUEST	Video Game DB	4		Get Specific Video Game	1605176983112	1605176983115	OK	 
USER	Video Game DB	55	START	1605176983182	1605176983182
REQUEST	Video Game DB	55		Get All Video Games	1605176983182	1605176983187	OK	 
REQUEST	Video Game DB	5		Get Specific Video Game	1605176983200	1605176983205	OK	 
USER	Video Game DB	56	START	1605176983282	1605176983282
REQUEST	Video Game DB	56		Get All Video Games	1605176983282	1605176983287	OK	 
REQUEST	Video Game DB	6		Get Specific Video Game	1605176983310	1605176983315	OK	 
USER	Video Game DB	57	START	1605176983380	1605176983380
REQUEST	Video Game DB	57		Get All Video Games	1605176983381	1605176983386	OK	 
REQUEST	Video Game DB	7		Get Specific Video Game	1605176983413	1605176983418	OK	 
USER	Video Game DB	58	START	1605176983482	1605176983482
REQUEST	Video Game DB	58		Get All Video Games	1605176983483	1605176983488	OK	 
REQUEST	Video Game DB	8		Get Specific Video Game	1605176983503	1605176983507	OK	 
USER	Video Game DB	59	START	1605176983580	1605176983580
REQUEST	Video Game DB	59		Get All Video Games	1605176983581	1605176983585	OK	 
REQUEST	Video Game DB	9		Get Specific Video Game	1605176983600	1605176983605	OK	 
USER	Video Game DB	60	START	1605176983681	1605176983681
REQUEST	Video Game DB	60		Get All Video Games	1605176983682	1605176983687	OK	 
REQUEST	Video Game DB	10		Get Specific Video Game	1605176983711	1605176983715	OK	 
USER	Video Game DB	61	START	1605176983782	1605176983782
REQUEST	Video Game DB	61		Get All Video Games	1605176983783	1605176983789	OK	 
REQUEST	Video Game DB	11		Get Specific Video Game	1605176983802	1605176983805	OK	 
USER	Video Game DB	62	START	1605176983880	1605176983880
REQUEST	Video Game DB	62		Get All Video Games	1605176983880	1605176983884	OK	 
REQUEST	Video Game DB	12		Get Specific Video Game	1605176983912	1605176983916	OK	 
USER	Video Game DB	63	START	1605176983982	1605176983982
REQUEST	Video Game DB	63		Get All Video Games	1605176983982	1605176983988	OK	 
REQUEST	Video Game DB	13		Get Specific Video Game	1605176984000	1605176984005	OK	 
USER	Video Game DB	64	START	1605176984082	1605176984082
REQUEST	Video Game DB	64		Get All Video Games	1605176984083	1605176984088	OK	 
REQUEST	Video Game DB	14		Get Specific Video Game	1605176984102	1605176984106	OK	 
USER	Video Game DB	65	START	1605176984182	1605176984182
REQUEST	Video Game DB	65		Get All Video Games	1605176984182	1605176984188	OK	 
REQUEST	Video Game DB	15		Get Specific Video Game	1605176984201	1605176984205	OK	 
USER	Video Game DB	66	START	1605176984281	1605176984281
REQUEST	Video Game DB	66		Get All Video Games	1605176984282	1605176984287	OK	 
REQUEST	Video Game DB	16		Get Specific Video Game	1605176984301	1605176984306	OK	 
USER	Video Game DB	67	START	1605176984380	1605176984380
REQUEST	Video Game DB	67		Get All Video Games	1605176984380	1605176984385	OK	 
REQUEST	Video Game DB	17		Get Specific Video Game	1605176984410	1605176984413	OK	 
USER	Video Game DB	68	START	1605176984481	1605176984481
REQUEST	Video Game DB	68		Get All Video Games	1605176984482	1605176984487	OK	 
REQUEST	Video Game DB	18		Get Specific Video Game	1605176984511	1605176984515	OK	 
USER	Video Game DB	69	START	1605176984581	1605176984581
REQUEST	Video Game DB	69		Get All Video Games	1605176984582	1605176984588	OK	 
REQUEST	Video Game DB	19		Get Specific Video Game	1605176984602	1605176984607	OK	 
USER	Video Game DB	70	START	1605176984681	1605176984681
REQUEST	Video Game DB	70		Get All Video Games	1605176984682	1605176984686	OK	 
REQUEST	Video Game DB	20		Get Specific Video Game	1605176984700	1605176984705	OK	 
USER	Video Game DB	71	START	1605176984782	1605176984782
REQUEST	Video Game DB	71		Get All Video Games	1605176984783	1605176984787	OK	 
REQUEST	Video Game DB	21		Get Specific Video Game	1605176984801	1605176984806	OK	 
USER	Video Game DB	72	START	1605176984881	1605176984881
REQUEST	Video Game DB	72		Get All Video Games	1605176984882	1605176984887	OK	 
REQUEST	Video Game DB	22		Get Specific Video Game	1605176984911	1605176984914	OK	 
USER	Video Game DB	73	START	1605176984981	1605176984981
REQUEST	Video Game DB	73		Get All Video Games	1605176984982	1605176984987	OK	 
REQUEST	Video Game DB	23		Get Specific Video Game	1605176985012	1605176985017	OK	 
USER	Video Game DB	74	START	1605176985081	1605176985081
REQUEST	Video Game DB	74		Get All Video Games	1605176985082	1605176985086	OK	 
REQUEST	Video Game DB	24		Get Specific Video Game	1605176985102	1605176985106	OK	 
USER	Video Game DB	75	START	1605176985180	1605176985180
REQUEST	Video Game DB	75		Get All Video Games	1605176985181	1605176985185	OK	 
REQUEST	Video Game DB	25		Get Specific Video Game	1605176985202	1605176985205	OK	 
USER	Video Game DB	76	START	1605176985282	1605176985282
REQUEST	Video Game DB	76		Get All Video Games	1605176985283	1605176985287	OK	 
REQUEST	Video Game DB	26		Get Specific Video Game	1605176985301	1605176985305	OK	 
USER	Video Game DB	77	START	1605176985381	1605176985381
REQUEST	Video Game DB	77		Get All Video Games	1605176985381	1605176985386	OK	 
REQUEST	Video Game DB	27		Get Specific Video Game	1605176985402	1605176985405	OK	 
USER	Video Game DB	78	START	1605176985482	1605176985482
REQUEST	Video Game DB	78		Get All Video Games	1605176985483	1605176985488	OK	 
REQUEST	Video Game DB	28		Get Specific Video Game	1605176985513	1605176985516	OK	 
USER	Video Game DB	79	START	1605176985582	1605176985582
REQUEST	Video Game DB	79		Get All Video Games	1605176985582	1605176985587	OK	 
REQUEST	Video Game DB	29		Get Specific Video Game	1605176985600	1605176985603	OK	 
USER	Video Game DB	80	START	1605176985680	1605176985680
REQUEST	Video Game DB	80		Get All Video Games	1605176985681	1605176985685	OK	 
REQUEST	Video Game DB	30		Get Specific Video Game	1605176985701	1605176985705	OK	 
USER	Video Game DB	81	START	1605176985782	1605176985782
REQUEST	Video Game DB	81		Get All Video Games	1605176985782	1605176985787	OK	 
REQUEST	Video Game DB	31		Get Specific Video Game	1605176985802	1605176985806	OK	 
USER	Video Game DB	82	START	1605176985882	1605176985882
REQUEST	Video Game DB	82		Get All Video Games	1605176985882	1605176985887	OK	 
REQUEST	Video Game DB	32		Get Specific Video Game	1605176985901	1605176985905	OK	 
USER	Video Game DB	83	START	1605176985982	1605176985982
REQUEST	Video Game DB	83		Get All Video Games	1605176985983	1605176985987	OK	 
REQUEST	Video Game DB	33		Get Specific Video Game	1605176986012	1605176986014	OK	 
USER	Video Game DB	84	START	1605176986081	1605176986081
REQUEST	Video Game DB	84		Get All Video Games	1605176986082	1605176986084	OK	 
REQUEST	Video Game DB	34		Get Specific Video Game	1605176986100	1605176986103	OK	 
USER	Video Game DB	85	START	1605176986180	1605176986180
REQUEST	Video Game DB	85		Get All Video Games	1605176986181	1605176986184	OK	 
REQUEST	Video Game DB	35		Get Specific Video Game	1605176986202	1605176986205	OK	 
USER	Video Game DB	86	START	1605176986281	1605176986281
REQUEST	Video Game DB	86		Get All Video Games	1605176986281	1605176986284	OK	 
REQUEST	Video Game DB	36		Get Specific Video Game	1605176986300	1605176986302	OK	 
USER	Video Game DB	87	START	1605176986380	1605176986380
REQUEST	Video Game DB	87		Get All Video Games	1605176986380	1605176986385	OK	 
REQUEST	Video Game DB	37		Get Specific Video Game	1605176986400	1605176986405	OK	 
USER	Video Game DB	88	START	1605176986480	1605176986480
REQUEST	Video Game DB	88		Get All Video Games	1605176986481	1605176986486	OK	 
REQUEST	Video Game DB	38		Get Specific Video Game	1605176986502	1605176986505	OK	 
USER	Video Game DB	89	START	1605176986581	1605176986581
REQUEST	Video Game DB	89		Get All Video Games	1605176986581	1605176986587	OK	 
REQUEST	Video Game DB	39		Get Specific Video Game	1605176986601	1605176986605	OK	 
USER	Video Game DB	90	START	1605176986682	1605176986682
REQUEST	Video Game DB	90		Get All Video Games	1605176986682	1605176986687	OK	 
REQUEST	Video Game DB	40		Get Specific Video Game	1605176986700	1605176986705	OK	 
USER	Video Game DB	91	START	1605176986780	1605176986780
REQUEST	Video Game DB	91		Get All Video Games	1605176986780	1605176986784	OK	 
REQUEST	Video Game DB	41		Get Specific Video Game	1605176986800	1605176986803	OK	 
USER	Video Game DB	92	START	1605176986891	1605176986891
REQUEST	Video Game DB	92		Get All Video Games	1605176986892	1605176986896	OK	 
REQUEST	Video Game DB	42		Get Specific Video Game	1605176986913	1605176986917	OK	 
USER	Video Game DB	93	START	1605176986991	1605176986991
REQUEST	Video Game DB	93		Get All Video Games	1605176986992	1605176986996	OK	 
REQUEST	Video Game DB	43		Get Specific Video Game	1605176987001	1605176987005	OK	 
USER	Video Game DB	94	START	1605176987091	1605176987091
REQUEST	Video Game DB	94		Get All Video Games	1605176987092	1605176987096	OK	 
REQUEST	Video Game DB	44		Get Specific Video Game	1605176987100	1605176987104	OK	 
USER	Video Game DB	95	START	1605176987192	1605176987192
REQUEST	Video Game DB	95		Get All Video Games	1605176987192	1605176987197	OK	 
REQUEST	Video Game DB	45		Get Specific Video Game	1605176987201	1605176987204	OK	 
USER	Video Game DB	96	START	1605176987291	1605176987291
REQUEST	Video Game DB	96		Get All Video Games	1605176987292	1605176987297	OK	 
REQUEST	Video Game DB	46		Get Specific Video Game	1605176987302	1605176987304	OK	 
USER	Video Game DB	97	START	1605176987392	1605176987392
REQUEST	Video Game DB	97		Get All Video Games	1605176987392	1605176987398	OK	 
REQUEST	Video Game DB	47		Get Specific Video Game	1605176987400	1605176987403	OK	 
USER	Video Game DB	98	START	1605176987491	1605176987491
REQUEST	Video Game DB	98		Get All Video Games	1605176987492	1605176987497	OK	 
REQUEST	Video Game DB	48		Get Specific Video Game	1605176987501	1605176987504	OK	 
USER	Video Game DB	99	START	1605176987593	1605176987593
REQUEST	Video Game DB	99		Get All Video Games	1605176987593	1605176987597	OK	 
REQUEST	Video Game DB	49		Get Specific Video Game	1605176987600	1605176987603	OK	 
USER	Video Game DB	100	START	1605176987691	1605176987691
REQUEST	Video Game DB	100		Get All Video Games	1605176987691	1605176987696	OK	 
REQUEST	Video Game DB	50		Get Specific Video Game	1605176987701	1605176987704	OK	 
REQUEST	Video Game DB	51		Get Specific Video Game	1605176987801	1605176987804	OK	 
REQUEST	Video Game DB	52		Get Specific Video Game	1605176987903	1605176987906	OK	 
REQUEST	Video Game DB	1		Get All Video Games	1605176987912	1605176987916	OK	 
USER	Video Game DB	1	END	1605176977785	1605176987919
REQUEST	Video Game DB	2		Get All Video Games	1605176987920	1605176987923	OK	 
USER	Video Game DB	2	END	1605176977882	1605176987923
REQUEST	Video Game DB	53		Get Specific Video Game	1605176988003	1605176988007	OK	 
REQUEST	Video Game DB	3		Get All Video Games	1605176988012	1605176988016	OK	 
USER	Video Game DB	3	END	1605176977982	1605176988016
REQUEST	Video Game DB	54		Get Specific Video Game	1605176988101	1605176988104	OK	 
REQUEST	Video Game DB	4		Get All Video Games	1605176988112	1605176988115	OK	 
USER	Video Game DB	4	END	1605176978083	1605176988116
REQUEST	Video Game DB	55		Get Specific Video Game	1605176988201	1605176988205	OK	 
REQUEST	Video Game DB	5		Get All Video Games	1605176988221	1605176988224	OK	 
USER	Video Game DB	5	END	1605176978181	1605176988225
REQUEST	Video Game DB	56		Get Specific Video Game	1605176988300	1605176988303	OK	 
REQUEST	Video Game DB	6		Get All Video Games	1605176988321	1605176988323	OK	 
USER	Video Game DB	6	END	1605176978283	1605176988324
REQUEST	Video Game DB	57		Get Specific Video Game	1605176988402	1605176988406	OK	 
REQUEST	Video Game DB	7		Get All Video Games	1605176988410	1605176988413	OK	 
USER	Video Game DB	7	END	1605176978382	1605176988413
REQUEST	Video Game DB	58		Get Specific Video Game	1605176988500	1605176988504	OK	 
REQUEST	Video Game DB	8		Get All Video Games	1605176988511	1605176988514	OK	 
USER	Video Game DB	8	END	1605176978481	1605176988514
REQUEST	Video Game DB	59		Get Specific Video Game	1605176988601	1605176988604	OK	 
REQUEST	Video Game DB	9		Get All Video Games	1605176988613	1605176988617	OK	 
USER	Video Game DB	9	END	1605176978581	1605176988618
REQUEST	Video Game DB	60		Get Specific Video Game	1605176988702	1605176988706	OK	 
REQUEST	Video Game DB	10		Get All Video Games	1605176988710	1605176988714	OK	 
USER	Video Game DB	10	END	1605176978682	1605176988715
REQUEST	Video Game DB	61		Get Specific Video Game	1605176988800	1605176988804	OK	 
REQUEST	Video Game DB	11		Get All Video Games	1605176988812	1605176988816	OK	 
USER	Video Game DB	11	END	1605176978781	1605176988817
REQUEST	Video Game DB	62		Get Specific Video Game	1605176988901	1605176988905	OK	 
REQUEST	Video Game DB	12		Get All Video Games	1605176988912	1605176988915	OK	 
USER	Video Game DB	12	END	1605176978881	1605176988916
REQUEST	Video Game DB	63		Get Specific Video Game	1605176989000	1605176989004	OK	 
REQUEST	Video Game DB	13		Get All Video Games	1605176989013	1605176989017	OK	 
USER	Video Game DB	13	END	1605176978981	1605176989018
REQUEST	Video Game DB	64		Get Specific Video Game	1605176989102	1605176989106	OK	 
REQUEST	Video Game DB	14		Get All Video Games	1605176989112	1605176989116	OK	 
USER	Video Game DB	14	END	1605176979081	1605176989117
REQUEST	Video Game DB	65		Get Specific Video Game	1605176989201	1605176989204	OK	 
REQUEST	Video Game DB	15		Get All Video Games	1605176989211	1605176989214	OK	 
USER	Video Game DB	15	END	1605176979181	1605176989214
REQUEST	Video Game DB	66		Get Specific Video Game	1605176989300	1605176989303	OK	 
REQUEST	Video Game DB	16		Get All Video Games	1605176989313	1605176989316	OK	 
USER	Video Game DB	16	END	1605176979281	1605176989317
REQUEST	Video Game DB	67		Get Specific Video Game	1605176989400	1605176989403	OK	 
REQUEST	Video Game DB	17		Get All Video Games	1605176989413	1605176989416	OK	 
USER	Video Game DB	17	END	1605176979382	1605176989416
REQUEST	Video Game DB	68		Get Specific Video Game	1605176989501	1605176989504	OK	 
REQUEST	Video Game DB	18		Get All Video Games	1605176989520	1605176989524	OK	 
USER	Video Game DB	18	END	1605176979482	1605176989525
REQUEST	Video Game DB	69		Get Specific Video Game	1605176989600	1605176989604	OK	 
REQUEST	Video Game DB	19		Get All Video Games	1605176989612	1605176989615	OK	 
USER	Video Game DB	19	END	1605176979581	1605176989615
REQUEST	Video Game DB	70		Get Specific Video Game	1605176989701	1605176989705	OK	 
REQUEST	Video Game DB	20		Get All Video Games	1605176989711	1605176989714	OK	 
USER	Video Game DB	20	END	1605176979681	1605176989714
REQUEST	Video Game DB	71		Get Specific Video Game	1605176989800	1605176989806	OK	 
REQUEST	Video Game DB	21		Get All Video Games	1605176989811	1605176989814	OK	 
USER	Video Game DB	21	END	1605176979781	1605176989815
REQUEST	Video Game DB	72		Get Specific Video Game	1605176989902	1605176989906	OK	 
REQUEST	Video Game DB	22		Get All Video Games	1605176989912	1605176989915	OK	 
USER	Video Game DB	22	END	1605176979882	1605176989915
REQUEST	Video Game DB	73		Get Specific Video Game	1605176990001	1605176990006	OK	 
REQUEST	Video Game DB	23		Get All Video Games	1605176990011	1605176990014	OK	 
USER	Video Game DB	23	END	1605176979982	1605176990015
REQUEST	Video Game DB	74		Get Specific Video Game	1605176990100	1605176990104	OK	 
REQUEST	Video Game DB	24		Get All Video Games	1605176990111	1605176990115	OK	 
USER	Video Game DB	24	END	1605176980081	1605176990115
REQUEST	Video Game DB	75		Get Specific Video Game	1605176990202	1605176990205	OK	 
REQUEST	Video Game DB	25		Get All Video Games	1605176990210	1605176990214	OK	 
USER	Video Game DB	25	END	1605176980183	1605176990215
REQUEST	Video Game DB	76		Get Specific Video Game	1605176990300	1605176990304	OK	 
REQUEST	Video Game DB	26		Get All Video Games	1605176990312	1605176990315	OK	 
USER	Video Game DB	26	END	1605176980282	1605176990315
REQUEST	Video Game DB	77		Get Specific Video Game	1605176990402	1605176990406	OK	 
REQUEST	Video Game DB	27		Get All Video Games	1605176990412	1605176990416	OK	 
USER	Video Game DB	27	END	1605176980381	1605176990416
REQUEST	Video Game DB	78		Get Specific Video Game	1605176990501	1605176990504	OK	 
REQUEST	Video Game DB	28		Get All Video Games	1605176990511	1605176990515	OK	 
USER	Video Game DB	28	END	1605176980482	1605176990515
REQUEST	Video Game DB	79		Get Specific Video Game	1605176990602	1605176990606	OK	 
REQUEST	Video Game DB	29		Get All Video Games	1605176990610	1605176990614	OK	 
USER	Video Game DB	29	END	1605176980581	1605176990614
REQUEST	Video Game DB	80		Get Specific Video Game	1605176990700	1605176990704	OK	 
REQUEST	Video Game DB	30		Get All Video Games	1605176990711	1605176990713	OK	 
USER	Video Game DB	30	END	1605176980681	1605176990714
REQUEST	Video Game DB	81		Get Specific Video Game	1605176990800	1605176990802	OK	 
REQUEST	Video Game DB	31		Get All Video Games	1605176990811	1605176990814	OK	 
USER	Video Game DB	31	END	1605176980781	1605176990814
REQUEST	Video Game DB	82		Get Specific Video Game	1605176990900	1605176990904	OK	 
REQUEST	Video Game DB	32		Get All Video Games	1605176990913	1605176990915	OK	 
USER	Video Game DB	32	END	1605176980881	1605176990916
REQUEST	Video Game DB	83		Get Specific Video Game	1605176991000	1605176991004	OK	 
REQUEST	Video Game DB	33		Get All Video Games	1605176991012	1605176991016	OK	 
USER	Video Game DB	33	END	1605176980982	1605176991017
REQUEST	Video Game DB	84		Get Specific Video Game	1605176991101	1605176991104	OK	 
REQUEST	Video Game DB	34		Get All Video Games	1605176991113	1605176991116	OK	 
USER	Video Game DB	34	END	1605176981080	1605176991116
REQUEST	Video Game DB	85		Get Specific Video Game	1605176991203	1605176991206	OK	 
REQUEST	Video Game DB	35		Get All Video Games	1605176991212	1605176991215	OK	 
USER	Video Game DB	35	END	1605176981181	1605176991215
REQUEST	Video Game DB	86		Get Specific Video Game	1605176991300	1605176991304	OK	 
REQUEST	Video Game DB	36		Get All Video Games	1605176991311	1605176991313	OK	 
USER	Video Game DB	36	END	1605176981281	1605176991314
REQUEST	Video Game DB	87		Get Specific Video Game	1605176991402	1605176991404	OK	 
REQUEST	Video Game DB	37		Get All Video Games	1605176991410	1605176991412	OK	 
USER	Video Game DB	37	END	1605176981382	1605176991413
REQUEST	Video Game DB	88		Get Specific Video Game	1605176991500	1605176991504	OK	 
REQUEST	Video Game DB	38		Get All Video Games	1605176991510	1605176991513	OK	 
USER	Video Game DB	38	END	1605176981481	1605176991514
REQUEST	Video Game DB	89		Get Specific Video Game	1605176991600	1605176991603	OK	 
REQUEST	Video Game DB	39		Get All Video Games	1605176991611	1605176991614	OK	 
USER	Video Game DB	39	END	1605176981582	1605176991614
REQUEST	Video Game DB	90		Get Specific Video Game	1605176991701	1605176991703	OK	 
REQUEST	Video Game DB	40		Get All Video Games	1605176991711	1605176991713	OK	 
USER	Video Game DB	40	END	1605176981680	1605176991714
REQUEST	Video Game DB	91		Get Specific Video Game	1605176991802	1605176991805	OK	 
REQUEST	Video Game DB	41		Get All Video Games	1605176991812	1605176991815	OK	 
USER	Video Game DB	41	END	1605176981783	1605176991815
REQUEST	Video Game DB	42		Get All Video Games	1605176991912	1605176991917	OK	 
REQUEST	Video Game DB	92		Get Specific Video Game	1605176991913	1605176991917	OK	 
USER	Video Game DB	42	END	1605176981882	1605176991918
REQUEST	Video Game DB	43		Get All Video Games	1605176992010	1605176992013	OK	 
REQUEST	Video Game DB	93		Get Specific Video Game	1605176992010	1605176992013	OK	 
USER	Video Game DB	43	END	1605176981980	1605176992014
REQUEST	Video Game DB	94		Get Specific Video Game	1605176992112	1605176992116	OK	 
REQUEST	Video Game DB	44		Get All Video Games	1605176992112	1605176992116	OK	 
USER	Video Game DB	44	END	1605176982082	1605176992117
REQUEST	Video Game DB	95		Get Specific Video Game	1605176992213	1605176992217	OK	 
REQUEST	Video Game DB	45		Get All Video Games	1605176992213	1605176992217	OK	 
USER	Video Game DB	45	END	1605176982181	1605176992218
REQUEST	Video Game DB	46		Get All Video Games	1605176992311	1605176992314	OK	 
REQUEST	Video Game DB	96		Get Specific Video Game	1605176992311	1605176992314	OK	 
USER	Video Game DB	46	END	1605176982282	1605176992315
REQUEST	Video Game DB	47		Get All Video Games	1605176992410	1605176992413	OK	 
REQUEST	Video Game DB	97		Get Specific Video Game	1605176992410	1605176992413	OK	 
USER	Video Game DB	47	END	1605176982382	1605176992414
REQUEST	Video Game DB	48		Get All Video Games	1605176992512	1605176992514	OK	 
REQUEST	Video Game DB	98		Get Specific Video Game	1605176992512	1605176992514	OK	 
USER	Video Game DB	48	END	1605176982482	1605176992515
REQUEST	Video Game DB	99		Get Specific Video Game	1605176992613	1605176992616	OK	 
REQUEST	Video Game DB	49		Get All Video Games	1605176992613	1605176992616	OK	 
USER	Video Game DB	49	END	1605176982582	1605176992617
REQUEST	Video Game DB	50		Get All Video Games	1605176992713	1605176992716	OK	 
REQUEST	Video Game DB	100		Get Specific Video Game	1605176992712	1605176992716	OK	 
USER	Video Game DB	50	END	1605176982682	1605176992716
REQUEST	Video Game DB	51		Get All Video Games	1605176992813	1605176992820	OK	 
USER	Video Game DB	51	END	1605176982781	1605176992821
REQUEST	Video Game DB	52		Get All Video Games	1605176992911	1605176992914	OK	 
USER	Video Game DB	52	END	1605176982882	1605176992915
REQUEST	Video Game DB	53		Get All Video Games	1605176993011	1605176993014	OK	 
USER	Video Game DB	53	END	1605176982982	1605176993014
REQUEST	Video Game DB	54		Get All Video Games	1605176993110	1605176993113	OK	 
USER	Video Game DB	54	END	1605176983081	1605176993114
REQUEST	Video Game DB	55		Get All Video Games	1605176993210	1605176993214	OK	 
USER	Video Game DB	55	END	1605176983182	1605176993215
REQUEST	Video Game DB	56		Get All Video Games	1605176993311	1605176993315	OK	 
USER	Video Game DB	56	END	1605176983282	1605176993316
REQUEST	Video Game DB	57		Get All Video Games	1605176993412	1605176993415	OK	 
USER	Video Game DB	57	END	1605176983380	1605176993416
REQUEST	Video Game DB	58		Get All Video Games	1605176993510	1605176993512	OK	 
USER	Video Game DB	58	END	1605176983482	1605176993513
REQUEST	Video Game DB	59		Get All Video Games	1605176993610	1605176993613	OK	 
USER	Video Game DB	59	END	1605176983580	1605176993613
REQUEST	Video Game DB	60		Get All Video Games	1605176993711	1605176993713	OK	 
USER	Video Game DB	60	END	1605176983681	1605176993714
REQUEST	Video Game DB	61		Get All Video Games	1605176993813	1605176993816	OK	 
USER	Video Game DB	61	END	1605176983782	1605176993817
REQUEST	Video Game DB	62		Get All Video Games	1605176993913	1605176993916	OK	 
USER	Video Game DB	62	END	1605176983880	1605176993917
REQUEST	Video Game DB	63		Get All Video Games	1605176994012	1605176994014	OK	 
USER	Video Game DB	63	END	1605176983982	1605176994014
REQUEST	Video Game DB	64		Get All Video Games	1605176994112	1605176994115	OK	 
USER	Video Game DB	64	END	1605176984082	1605176994116
REQUEST	Video Game DB	65		Get All Video Games	1605176994211	1605176994214	OK	 
USER	Video Game DB	65	END	1605176984182	1605176994215
REQUEST	Video Game DB	66		Get All Video Games	1605176994311	1605176994313	OK	 
USER	Video Game DB	66	END	1605176984281	1605176994314
REQUEST	Video Game DB	67		Get All Video Games	1605176994411	1605176994413	OK	 
USER	Video Game DB	67	END	1605176984380	1605176994413
REQUEST	Video Game DB	68		Get All Video Games	1605176994511	1605176994514	OK	 
USER	Video Game DB	68	END	1605176984481	1605176994514
REQUEST	Video Game DB	69		Get All Video Games	1605176994611	1605176994614	OK	 
USER	Video Game DB	69	END	1605176984581	1605176994615
REQUEST	Video Game DB	70		Get All Video Games	1605176994711	1605176994715	OK	 
USER	Video Game DB	70	END	1605176984681	1605176994715
REQUEST	Video Game DB	71		Get All Video Games	1605176994812	1605176994816	OK	 
USER	Video Game DB	71	END	1605176984782	1605176994816
REQUEST	Video Game DB	72		Get All Video Games	1605176994911	1605176994914	OK	 
USER	Video Game DB	72	END	1605176984881	1605176994915
REQUEST	Video Game DB	73		Get All Video Games	1605176995011	1605176995013	OK	 
USER	Video Game DB	73	END	1605176984981	1605176995014
REQUEST	Video Game DB	74		Get All Video Games	1605176995111	1605176995114	OK	 
USER	Video Game DB	74	END	1605176985081	1605176995114
REQUEST	Video Game DB	75		Get All Video Games	1605176995212	1605176995215	OK	 
USER	Video Game DB	75	END	1605176985180	1605176995216
REQUEST	Video Game DB	76		Get All Video Games	1605176995311	1605176995314	OK	 
USER	Video Game DB	76	END	1605176985282	1605176995315
REQUEST	Video Game DB	77		Get All Video Games	1605176995410	1605176995413	OK	 
USER	Video Game DB	77	END	1605176985381	1605176995413
REQUEST	Video Game DB	78		Get All Video Games	1605176995511	1605176995513	OK	 
USER	Video Game DB	78	END	1605176985482	1605176995514
REQUEST	Video Game DB	79		Get All Video Games	1605176995611	1605176995613	OK	 
USER	Video Game DB	79	END	1605176985582	1605176995613
REQUEST	Video Game DB	80		Get All Video Games	1605176995712	1605176995715	OK	 
USER	Video Game DB	80	END	1605176985680	1605176995716
REQUEST	Video Game DB	81		Get All Video Games	1605176995810	1605176995813	OK	 
USER	Video Game DB	81	END	1605176985782	1605176995814
REQUEST	Video Game DB	82		Get All Video Games	1605176995910	1605176995913	OK	 
USER	Video Game DB	82	END	1605176985882	1605176995914
REQUEST	Video Game DB	83		Get All Video Games	1605176996012	1605176996016	OK	 
USER	Video Game DB	83	END	1605176985982	1605176996017
REQUEST	Video Game DB	84		Get All Video Games	1605176996111	1605176996115	OK	 
USER	Video Game DB	84	END	1605176986081	1605176996116
REQUEST	Video Game DB	85		Get All Video Games	1605176996211	1605176996214	OK	 
USER	Video Game DB	85	END	1605176986180	1605176996215
REQUEST	Video Game DB	86		Get All Video Games	1605176996313	1605176996317	OK	 
USER	Video Game DB	86	END	1605176986281	1605176996318
REQUEST	Video Game DB	87		Get All Video Games	1605176996411	1605176996414	OK	 
USER	Video Game DB	87	END	1605176986380	1605176996415
REQUEST	Video Game DB	88		Get All Video Games	1605176996511	1605176996513	OK	 
USER	Video Game DB	88	END	1605176986480	1605176996514
REQUEST	Video Game DB	89		Get All Video Games	1605176996612	1605176996616	OK	 
USER	Video Game DB	89	END	1605176986581	1605176996616
REQUEST	Video Game DB	90		Get All Video Games	1605176996712	1605176996716	OK	 
USER	Video Game DB	90	END	1605176986682	1605176996716
REQUEST	Video Game DB	91		Get All Video Games	1605176996811	1605176996814	OK	 
USER	Video Game DB	91	END	1605176986780	1605176996815
REQUEST	Video Game DB	92		Get All Video Games	1605176996921	1605176996925	OK	 
USER	Video Game DB	92	END	1605176986891	1605176996925
REQUEST	Video Game DB	93		Get All Video Games	1605176997020	1605176997023	OK	 
USER	Video Game DB	93	END	1605176986991	1605176997023
REQUEST	Video Game DB	94		Get All Video Games	1605176997121	1605176997123	OK	 
USER	Video Game DB	94	END	1605176987091	1605176997123
REQUEST	Video Game DB	95		Get All Video Games	1605176997221	1605176997223	OK	 
USER	Video Game DB	95	END	1605176987192	1605176997224
REQUEST	Video Game DB	96		Get All Video Games	1605176997321	1605176997323	OK	 
USER	Video Game DB	96	END	1605176987291	1605176997323
REQUEST	Video Game DB	97		Get All Video Games	1605176997422	1605176997424	OK	 
USER	Video Game DB	97	END	1605176987392	1605176997425
REQUEST	Video Game DB	98		Get All Video Games	1605176997521	1605176997524	OK	 
USER	Video Game DB	98	END	1605176987491	1605176997525
REQUEST	Video Game DB	99		Get All Video Games	1605176997620	1605176997623	OK	 
USER	Video Game DB	99	END	1605176987593	1605176997623
REQUEST	Video Game DB	100		Get All Video Games	1605176997722	1605176997724	OK	 
USER	Video Game DB	100	END	1605176987691	1605176997725
