RUN	simulations.FixedDurationLoadSimulation		fixeddurationloadsimulation	1605177502380	 	2.0
USER	Video Game DB	3	START	1605177508261	1605177508261
USER	Video Game DB	1	START	1605177508261	1605177508261
USER	Video Game DB	7	START	1605177508261	1605177508261
USER	Video Game DB	5	START	1605177508261	1605177508261
USER	Video Game DB	10	START	1605177508261	1605177508261
USER	Video Game DB	9	START	1605177508261	1605177508261
USER	Video Game DB	11	START	1605177508261	1605177508261
USER	Video Game DB	6	START	1605177508261	1605177508261
USER	Video Game DB	2	START	1605177508261	1605177508261
USER	Video Game DB	8	START	1605177508261	1605177508261
USER	Video Game DB	4	START	1605177508261	1605177508261
REQUEST	Video Game DB	6		Get All Video Games	1605177508310	1605177508336	OK	 
REQUEST	Video Game DB	2		Get All Video Games	1605177508310	1605177508336	OK	 
REQUEST	Video Game DB	3		Get All Video Games	1605177508310	1605177508336	OK	 
REQUEST	Video Game DB	4		Get All Video Games	1605177508310	1605177508336	OK	 
REQUEST	Video Game DB	1		Get All Video Games	1605177508310	1605177508336	OK	 
REQUEST	Video Game DB	11		Get All Video Games	1605177508310	1605177508336	OK	 
REQUEST	Video Game DB	10		Get All Video Games	1605177508310	1605177508336	OK	 
REQUEST	Video Game DB	9		Get All Video Games	1605177508310	1605177508336	OK	 
REQUEST	Video Game DB	5		Get All Video Games	1605177508310	1605177508336	OK	 
REQUEST	Video Game DB	8		Get All Video Games	1605177508310	1605177508336	OK	 
REQUEST	Video Game DB	7		Get All Video Games	1605177508310	1605177508336	OK	 
USER	Video Game DB	12	START	1605177508755	1605177508755
REQUEST	Video Game DB	12		Get All Video Games	1605177508756	1605177508762	OK	 
USER	Video Game DB	13	START	1605177509256	1605177509256
REQUEST	Video Game DB	13		Get All Video Games	1605177509256	1605177509261	OK	 
USER	Video Game DB	14	START	1605177509757	1605177509757
REQUEST	Video Game DB	14		Get All Video Games	1605177509758	1605177509764	OK	 
USER	Video Game DB	15	START	1605177510254	1605177510254
REQUEST	Video Game DB	15		Get All Video Games	1605177510254	1605177510259	OK	 
USER	Video Game DB	16	START	1605177511254	1605177511254
REQUEST	Video Game DB	16		Get All Video Games	1605177511255	1605177511261	OK	 
USER	Video Game DB	17	START	1605177511756	1605177511756
REQUEST	Video Game DB	17		Get All Video Games	1605177511757	1605177511762	OK	 
USER	Video Game DB	18	START	1605177512256	1605177512256
REQUEST	Video Game DB	18		Get All Video Games	1605177512257	1605177512262	OK	 
USER	Video Game DB	19	START	1605177512756	1605177512756
REQUEST	Video Game DB	19		Get All Video Games	1605177512757	1605177512763	OK	 
USER	Video Game DB	20	START	1605177513255	1605177513255
REQUEST	Video Game DB	20		Get All Video Games	1605177513255	1605177513259	OK	 
REQUEST	Video Game DB	3		Get Specific Video Game	1605177513356	1605177513364	OK	 
REQUEST	Video Game DB	2		Get Specific Video Game	1605177513356	1605177513364	OK	 
REQUEST	Video Game DB	11		Get Specific Video Game	1605177513356	1605177513364	OK	 
REQUEST	Video Game DB	4		Get Specific Video Game	1605177513356	1605177513364	OK	 
REQUEST	Video Game DB	6		Get Specific Video Game	1605177513356	1605177513364	OK	 
REQUEST	Video Game DB	7		Get Specific Video Game	1605177513356	1605177513364	OK	 
REQUEST	Video Game DB	10		Get Specific Video Game	1605177513356	1605177513366	OK	 
REQUEST	Video Game DB	9		Get Specific Video Game	1605177513356	1605177513366	OK	 
REQUEST	Video Game DB	8		Get Specific Video Game	1605177513356	1605177513366	OK	 
REQUEST	Video Game DB	1		Get Specific Video Game	1605177513356	1605177513367	OK	 
REQUEST	Video Game DB	5		Get Specific Video Game	1605177513356	1605177513368	OK	 
REQUEST	Video Game DB	12		Get Specific Video Game	1605177513777	1605177513781	OK	 
USER	Video Game DB	21	START	1605177514255	1605177514255
REQUEST	Video Game DB	21		Get All Video Games	1605177514256	1605177514260	OK	 
REQUEST	Video Game DB	13		Get Specific Video Game	1605177514275	1605177514279	OK	 
USER	Video Game DB	22	START	1605177514756	1605177514756
REQUEST	Video Game DB	22		Get All Video Games	1605177514757	1605177514762	OK	 
REQUEST	Video Game DB	14		Get Specific Video Game	1605177514787	1605177514791	OK	 
USER	Video Game DB	23	START	1605177515255	1605177515255
REQUEST	Video Game DB	23		Get All Video Games	1605177515255	1605177515260	OK	 
REQUEST	Video Game DB	15		Get Specific Video Game	1605177515276	1605177515280	OK	 
USER	Video Game DB	24	START	1605177515756	1605177515756
REQUEST	Video Game DB	24		Get All Video Games	1605177515756	1605177515761	OK	 
USER	Video Game DB	25	START	1605177516256	1605177516256
REQUEST	Video Game DB	25		Get All Video Games	1605177516257	1605177516262	OK	 
REQUEST	Video Game DB	16		Get Specific Video Game	1605177516276	1605177516280	OK	 
REQUEST	Video Game DB	17		Get Specific Video Game	1605177516775	1605177516779	OK	 
USER	Video Game DB	26	START	1605177517256	1605177517256
REQUEST	Video Game DB	26		Get All Video Games	1605177517257	1605177517262	OK	 
REQUEST	Video Game DB	18		Get Specific Video Game	1605177517275	1605177517278	OK	 
USER	Video Game DB	27	START	1605177517757	1605177517757
REQUEST	Video Game DB	27		Get All Video Games	1605177517757	1605177517762	OK	 
REQUEST	Video Game DB	19		Get Specific Video Game	1605177517776	1605177517779	OK	 
USER	Video Game DB	28	START	1605177518255	1605177518255
REQUEST	Video Game DB	28		Get All Video Games	1605177518255	1605177518260	OK	 
REQUEST	Video Game DB	20		Get Specific Video Game	1605177518276	1605177518280	OK	 
REQUEST	Video Game DB	11		Get All Video Games	1605177518376	1605177518382	OK	 
REQUEST	Video Game DB	3		Get All Video Games	1605177518376	1605177518382	OK	 
REQUEST	Video Game DB	10		Get All Video Games	1605177518376	1605177518382	OK	 
REQUEST	Video Game DB	2		Get All Video Games	1605177518376	1605177518382	OK	 
REQUEST	Video Game DB	8		Get All Video Games	1605177518376	1605177518382	OK	 
REQUEST	Video Game DB	5		Get All Video Games	1605177518376	1605177518382	OK	 
REQUEST	Video Game DB	6		Get All Video Games	1605177518376	1605177518382	OK	 
REQUEST	Video Game DB	1		Get All Video Games	1605177518376	1605177518383	OK	 
REQUEST	Video Game DB	4		Get All Video Games	1605177518376	1605177518383	OK	 
REQUEST	Video Game DB	9		Get All Video Games	1605177518376	1605177518383	OK	 
REQUEST	Video Game DB	7		Get All Video Games	1605177518376	1605177518385	OK	 
REQUEST	Video Game DB	5		Get All Video Games	1605177518383	1605177518388	OK	 
REQUEST	Video Game DB	8		Get All Video Games	1605177518384	1605177518388	OK	 
REQUEST	Video Game DB	11		Get All Video Games	1605177518383	1605177518387	OK	 
REQUEST	Video Game DB	3		Get All Video Games	1605177518383	1605177518388	OK	 
REQUEST	Video Game DB	2		Get All Video Games	1605177518383	1605177518388	OK	 
REQUEST	Video Game DB	9		Get All Video Games	1605177518384	1605177518390	OK	 
REQUEST	Video Game DB	4		Get All Video Games	1605177518384	1605177518389	OK	 
REQUEST	Video Game DB	6		Get All Video Games	1605177518385	1605177518390	OK	 
REQUEST	Video Game DB	1		Get All Video Games	1605177518384	1605177518390	OK	 
REQUEST	Video Game DB	10		Get All Video Games	1605177518383	1605177518390	OK	 
REQUEST	Video Game DB	7		Get All Video Games	1605177518386	1605177518390	OK	 
USER	Video Game DB	29	START	1605177518756	1605177518756
REQUEST	Video Game DB	29		Get All Video Games	1605177518757	1605177518762	OK	 
REQUEST	Video Game DB	12		Get All Video Games	1605177518787	1605177518790	OK	 
REQUEST	Video Game DB	12		Get All Video Games	1605177518791	1605177518794	OK	 
USER	Video Game DB	30	START	1605177519256	1605177519256
REQUEST	Video Game DB	30		Get All Video Games	1605177519257	1605177519262	OK	 
REQUEST	Video Game DB	21		Get Specific Video Game	1605177519275	1605177519279	OK	 
REQUEST	Video Game DB	13		Get All Video Games	1605177519287	1605177519289	OK	 
REQUEST	Video Game DB	13		Get All Video Games	1605177519290	1605177519292	OK	 
REQUEST	Video Game DB	22		Get Specific Video Game	1605177519777	1605177519781	OK	 
REQUEST	Video Game DB	14		Get All Video Games	1605177519787	1605177519790	OK	 
REQUEST	Video Game DB	14		Get All Video Games	1605177519791	1605177519794	OK	 
USER	Video Game DB	31	START	1605177520256	1605177520256
REQUEST	Video Game DB	31		Get All Video Games	1605177520257	1605177520262	OK	 
REQUEST	Video Game DB	23		Get Specific Video Game	1605177520275	1605177520279	OK	 
REQUEST	Video Game DB	15		Get All Video Games	1605177520284	1605177520287	OK	 
REQUEST	Video Game DB	15		Get All Video Games	1605177520287	1605177520290	OK	 
USER	Video Game DB	32	START	1605177520756	1605177520756
REQUEST	Video Game DB	32		Get All Video Games	1605177520756	1605177520761	OK	 
REQUEST	Video Game DB	24		Get Specific Video Game	1605177520776	1605177520779	OK	 
USER	Video Game DB	33	START	1605177521256	1605177521256
REQUEST	Video Game DB	33		Get All Video Games	1605177521256	1605177521261	OK	 
REQUEST	Video Game DB	25		Get Specific Video Game	1605177521276	1605177521280	OK	 
REQUEST	Video Game DB	16		Get All Video Games	1605177521287	1605177521291	OK	 
REQUEST	Video Game DB	16		Get All Video Games	1605177521291	1605177521294	OK	 
USER	Video Game DB	34	START	1605177521754	1605177521754
REQUEST	Video Game DB	34		Get All Video Games	1605177521755	1605177521759	OK	 
REQUEST	Video Game DB	17		Get All Video Games	1605177521786	1605177521789	OK	 
REQUEST	Video Game DB	17		Get All Video Games	1605177521790	1605177521792	OK	 
USER	Video Game DB	35	START	1605177522255	1605177522255
REQUEST	Video Game DB	35		Get All Video Games	1605177522255	1605177522260	OK	 
REQUEST	Video Game DB	26		Get Specific Video Game	1605177522276	1605177522280	OK	 
REQUEST	Video Game DB	18		Get All Video Games	1605177522285	1605177522287	OK	 
REQUEST	Video Game DB	18		Get All Video Games	1605177522288	1605177522290	OK	 
REQUEST	Video Game DB	27		Get Specific Video Game	1605177522776	1605177522780	OK	 
REQUEST	Video Game DB	19		Get All Video Games	1605177522786	1605177522788	OK	 
REQUEST	Video Game DB	19		Get All Video Games	1605177522789	1605177522791	OK	 
USER	Video Game DB	36	START	1605177523256	1605177523256
REQUEST	Video Game DB	36		Get All Video Games	1605177523257	1605177523261	OK	 
REQUEST	Video Game DB	28		Get Specific Video Game	1605177523276	1605177523280	OK	 
REQUEST	Video Game DB	20		Get All Video Games	1605177523284	1605177523287	OK	 
REQUEST	Video Game DB	20		Get All Video Games	1605177523288	1605177523290	OK	 
REQUEST	Video Game DB	6		Get Specific Video Game	1605177523376	1605177523379	OK	 
REQUEST	Video Game DB	7		Get Specific Video Game	1605177523376	1605177523379	OK	 
REQUEST	Video Game DB	4		Get Specific Video Game	1605177523376	1605177523379	OK	 
REQUEST	Video Game DB	2		Get Specific Video Game	1605177523376	1605177523379	OK	 
REQUEST	Video Game DB	10		Get Specific Video Game	1605177523376	1605177523379	OK	 
REQUEST	Video Game DB	11		Get Specific Video Game	1605177523376	1605177523379	OK	 
REQUEST	Video Game DB	3		Get Specific Video Game	1605177523376	1605177523379	OK	 
REQUEST	Video Game DB	1		Get Specific Video Game	1605177523387	1605177523389	OK	 
REQUEST	Video Game DB	8		Get Specific Video Game	1605177523387	1605177523389	OK	 
REQUEST	Video Game DB	5		Get Specific Video Game	1605177523387	1605177523389	OK	 
REQUEST	Video Game DB	9		Get Specific Video Game	1605177523387	1605177523389	OK	 
USER	Video Game DB	37	START	1605177523754	1605177523754
REQUEST	Video Game DB	37		Get All Video Games	1605177523754	1605177523758	OK	 
REQUEST	Video Game DB	29		Get Specific Video Game	1605177523777	1605177523779	OK	 
REQUEST	Video Game DB	12		Get Specific Video Game	1605177523786	1605177523788	OK	 
USER	Video Game DB	38	START	1605177524255	1605177524255
REQUEST	Video Game DB	38		Get All Video Games	1605177524256	1605177524260	OK	 
REQUEST	Video Game DB	30		Get Specific Video Game	1605177524277	1605177524280	OK	 
REQUEST	Video Game DB	21		Get All Video Games	1605177524286	1605177524289	OK	 
REQUEST	Video Game DB	13		Get Specific Video Game	1605177524286	1605177524289	OK	 
REQUEST	Video Game DB	21		Get All Video Games	1605177524290	1605177524292	OK	 
USER	Video Game DB	39	START	1605177524757	1605177524757
REQUEST	Video Game DB	39		Get All Video Games	1605177524757	1605177524761	OK	 
REQUEST	Video Game DB	22		Get All Video Games	1605177524785	1605177524789	OK	 
REQUEST	Video Game DB	22		Get All Video Games	1605177524790	1605177524792	OK	 
REQUEST	Video Game DB	14		Get Specific Video Game	1605177524794	1605177524797	OK	 
USER	Video Game DB	40	START	1605177525255	1605177525255
REQUEST	Video Game DB	40		Get All Video Games	1605177525255	1605177525258	OK	 
REQUEST	Video Game DB	31		Get Specific Video Game	1605177525274	1605177525277	OK	 
REQUEST	Video Game DB	15		Get Specific Video Game	1605177525285	1605177525287	OK	 
REQUEST	Video Game DB	23		Get All Video Games	1605177525285	1605177525287	OK	 
REQUEST	Video Game DB	23		Get All Video Games	1605177525287	1605177525289	OK	 
REQUEST	Video Game DB	32		Get Specific Video Game	1605177525775	1605177525778	OK	 
REQUEST	Video Game DB	24		Get All Video Games	1605177525787	1605177525790	OK	 
REQUEST	Video Game DB	24		Get All Video Games	1605177525791	1605177525793	OK	 
USER	Video Game DB	41	START	1605177526257	1605177526257
REQUEST	Video Game DB	41		Get All Video Games	1605177526257	1605177526263	OK	 
REQUEST	Video Game DB	33		Get Specific Video Game	1605177526274	1605177526278	OK	 
REQUEST	Video Game DB	16		Get Specific Video Game	1605177526287	1605177526290	OK	 
REQUEST	Video Game DB	25		Get All Video Games	1605177526287	1605177526290	OK	 
REQUEST	Video Game DB	25		Get All Video Games	1605177526291	1605177526294	OK	 
USER	Video Game DB	42	START	1605177526756	1605177526756
REQUEST	Video Game DB	42		Get All Video Games	1605177526757	1605177526761	OK	 
REQUEST	Video Game DB	34		Get Specific Video Game	1605177526776	1605177526779	OK	 
REQUEST	Video Game DB	17		Get Specific Video Game	1605177526786	1605177526790	OK	 
USER	Video Game DB	43	START	1605177527254	1605177527254
REQUEST	Video Game DB	43		Get All Video Games	1605177527255	1605177527259	OK	 
REQUEST	Video Game DB	35		Get Specific Video Game	1605177527274	1605177527278	OK	 
REQUEST	Video Game DB	18		Get Specific Video Game	1605177527285	1605177527287	OK	 
REQUEST	Video Game DB	26		Get All Video Games	1605177527285	1605177527287	OK	 
REQUEST	Video Game DB	26		Get All Video Games	1605177527288	1605177527290	OK	 
USER	Video Game DB	44	START	1605177527754	1605177527754
REQUEST	Video Game DB	44		Get All Video Games	1605177527754	1605177527757	OK	 
REQUEST	Video Game DB	19		Get Specific Video Game	1605177527786	1605177527789	OK	 
REQUEST	Video Game DB	27		Get All Video Games	1605177527786	1605177527788	OK	 
REQUEST	Video Game DB	27		Get All Video Games	1605177527789	1605177527791	OK	 
USER	Video Game DB	45	START	1605177528256	1605177528256
REQUEST	Video Game DB	45		Get All Video Games	1605177528256	1605177528260	OK	 
REQUEST	Video Game DB	36		Get Specific Video Game	1605177528276	1605177528280	OK	 
REQUEST	Video Game DB	28		Get All Video Games	1605177528287	1605177528291	OK	 
REQUEST	Video Game DB	20		Get Specific Video Game	1605177528286	1605177528290	OK	 
REQUEST	Video Game DB	28		Get All Video Games	1605177528291	1605177528294	OK	 
REQUEST	Video Game DB	6		Get All Video Games	1605177528385	1605177528390	OK	 
REQUEST	Video Game DB	11		Get All Video Games	1605177528385	1605177528389	OK	 
REQUEST	Video Game DB	8		Get All Video Games	1605177528386	1605177528389	OK	 
REQUEST	Video Game DB	4		Get All Video Games	1605177528386	1605177528389	OK	 
REQUEST	Video Game DB	9		Get All Video Games	1605177528386	1605177528389	OK	 
REQUEST	Video Game DB	7		Get All Video Games	1605177528385	1605177528389	OK	 
REQUEST	Video Game DB	2		Get All Video Games	1605177528385	1605177528389	OK	 
REQUEST	Video Game DB	10		Get All Video Games	1605177528385	1605177528390	OK	 
REQUEST	Video Game DB	1		Get All Video Games	1605177528385	1605177528389	OK	 
REQUEST	Video Game DB	5		Get All Video Games	1605177528385	1605177528393	OK	 
REQUEST	Video Game DB	2		Get All Video Games	1605177528390	1605177528395	OK	 
REQUEST	Video Game DB	9		Get All Video Games	1605177528390	1605177528395	OK	 
REQUEST	Video Game DB	8		Get All Video Games	1605177528391	1605177528396	OK	 
REQUEST	Video Game DB	11		Get All Video Games	1605177528392	1605177528396	OK	 
REQUEST	Video Game DB	3		Get All Video Games	1605177528385	1605177528396	OK	 
REQUEST	Video Game DB	5		Get All Video Games	1605177528394	1605177528399	OK	 
REQUEST	Video Game DB	4		Get All Video Games	1605177528394	1605177528399	OK	 
REQUEST	Video Game DB	6		Get All Video Games	1605177528394	1605177528399	OK	 
REQUEST	Video Game DB	7		Get All Video Games	1605177528396	1605177528399	OK	 
REQUEST	Video Game DB	10		Get All Video Games	1605177528394	1605177528399	OK	 
REQUEST	Video Game DB	1		Get All Video Games	1605177528394	1605177528399	OK	 
REQUEST	Video Game DB	3		Get All Video Games	1605177528397	1605177528402	OK	 
REQUEST	Video Game DB	37		Get Specific Video Game	1605177528775	1605177528779	OK	 
REQUEST	Video Game DB	29		Get All Video Games	1605177528786	1605177528790	OK	 
REQUEST	Video Game DB	29		Get All Video Games	1605177528791	1605177528793	OK	 
REQUEST	Video Game DB	12		Get All Video Games	1605177528796	1605177528799	OK	 
REQUEST	Video Game DB	12		Get All Video Games	1605177528800	1605177528802	OK	 
USER	Video Game DB	46	START	1605177529256	1605177529256
REQUEST	Video Game DB	46		Get All Video Games	1605177529256	1605177529261	OK	 
REQUEST	Video Game DB	38		Get Specific Video Game	1605177529276	1605177529279	OK	 
REQUEST	Video Game DB	21		Get Specific Video Game	1605177529285	1605177529288	OK	 
REQUEST	Video Game DB	30		Get All Video Games	1605177529285	1605177529288	OK	 
REQUEST	Video Game DB	30		Get All Video Games	1605177529288	1605177529290	OK	 
REQUEST	Video Game DB	13		Get All Video Games	1605177529296	1605177529300	OK	 
REQUEST	Video Game DB	13		Get All Video Games	1605177529301	1605177529303	OK	 
USER	Video Game DB	47	START	1605177529757	1605177529757
REQUEST	Video Game DB	47		Get All Video Games	1605177529757	1605177529761	OK	 
REQUEST	Video Game DB	39		Get Specific Video Game	1605177529777	1605177529780	OK	 
REQUEST	Video Game DB	22		Get Specific Video Game	1605177529794	1605177529797	OK	 
REQUEST	Video Game DB	14		Get All Video Games	1605177529806	1605177529810	OK	 
REQUEST	Video Game DB	14		Get All Video Games	1605177529811	1605177529813	OK	 
USER	Video Game DB	48	START	1605177530256	1605177530256
REQUEST	Video Game DB	48		Get All Video Games	1605177530257	1605177530261	OK	 
REQUEST	Video Game DB	40		Get Specific Video Game	1605177530277	1605177530280	OK	 
REQUEST	Video Game DB	23		Get Specific Video Game	1605177530286	1605177530289	OK	 
REQUEST	Video Game DB	31		Get All Video Games	1605177530286	1605177530289	OK	 
REQUEST	Video Game DB	31		Get All Video Games	1605177530290	1605177530292	OK	 
REQUEST	Video Game DB	15		Get All Video Games	1605177530296	1605177530298	OK	 
REQUEST	Video Game DB	15		Get All Video Games	1605177530299	1605177530301	OK	 
USER	Video Game DB	49	START	1605177530756	1605177530756
REQUEST	Video Game DB	49		Get All Video Games	1605177530756	1605177530760	OK	 
REQUEST	Video Game DB	32		Get All Video Games	1605177530786	1605177530789	OK	 
REQUEST	Video Game DB	32		Get All Video Games	1605177530790	1605177530792	OK	 
REQUEST	Video Game DB	24		Get Specific Video Game	1605177530796	1605177530798	OK	 
USER	Video Game DB	50	START	1605177531256	1605177531256
REQUEST	Video Game DB	50		Get All Video Games	1605177531256	1605177531260	OK	 
REQUEST	Video Game DB	41		Get Specific Video Game	1605177531276	1605177531280	OK	 
REQUEST	Video Game DB	33		Get All Video Games	1605177531285	1605177531287	OK	 
REQUEST	Video Game DB	33		Get All Video Games	1605177531288	1605177531290	OK	 
REQUEST	Video Game DB	25		Get Specific Video Game	1605177531295	1605177531298	OK	 
REQUEST	Video Game DB	16		Get All Video Games	1605177531295	1605177531298	OK	 
REQUEST	Video Game DB	16		Get All Video Games	1605177531299	1605177531301	OK	 
REQUEST	Video Game DB	42		Get Specific Video Game	1605177531775	1605177531780	OK	 
REQUEST	Video Game DB	34		Get All Video Games	1605177531786	1605177531789	OK	 
REQUEST	Video Game DB	34		Get All Video Games	1605177531789	1605177531791	OK	 
REQUEST	Video Game DB	17		Get All Video Games	1605177531794	1605177531796	OK	 
REQUEST	Video Game DB	17		Get All Video Games	1605177531797	1605177531799	OK	 
USER	Video Game DB	51	START	1605177532255	1605177532255
REQUEST	Video Game DB	51		Get All Video Games	1605177532256	1605177532260	OK	 
REQUEST	Video Game DB	43		Get Specific Video Game	1605177532275	1605177532279	OK	 
REQUEST	Video Game DB	35		Get All Video Games	1605177532286	1605177532288	OK	 
REQUEST	Video Game DB	35		Get All Video Games	1605177532289	1605177532291	OK	 
REQUEST	Video Game DB	18		Get All Video Games	1605177532294	1605177532296	OK	 
REQUEST	Video Game DB	26		Get Specific Video Game	1605177532294	1605177532296	OK	 
REQUEST	Video Game DB	18		Get All Video Games	1605177532297	1605177532299	OK	 
USER	Video Game DB	52	START	1605177532756	1605177532756
REQUEST	Video Game DB	52		Get All Video Games	1605177532756	1605177532760	OK	 
REQUEST	Video Game DB	44		Get Specific Video Game	1605177532774	1605177532778	OK	 
REQUEST	Video Game DB	27		Get Specific Video Game	1605177532787	1605177532789	OK	 
REQUEST	Video Game DB	19		Get All Video Games	1605177532795	1605177532797	OK	 
REQUEST	Video Game DB	19		Get All Video Games	1605177532798	1605177532800	OK	 
USER	Video Game DB	53	START	1605177533257	1605177533257
REQUEST	Video Game DB	53		Get All Video Games	1605177533257	1605177533261	OK	 
REQUEST	Video Game DB	45		Get Specific Video Game	1605177533275	1605177533278	OK	 
REQUEST	Video Game DB	36		Get All Video Games	1605177533287	1605177533290	OK	 
REQUEST	Video Game DB	36		Get All Video Games	1605177533291	1605177533293	OK	 
REQUEST	Video Game DB	28		Get Specific Video Game	1605177533295	1605177533297	OK	 
REQUEST	Video Game DB	20		Get All Video Games	1605177533295	1605177533297	OK	 
REQUEST	Video Game DB	20		Get All Video Games	1605177533298	1605177533300	OK	 
REQUEST	Video Game DB	4		Get Specific Video Game	1605177533397	1605177533401	OK	 
REQUEST	Video Game DB	10		Get Specific Video Game	1605177533397	1605177533401	OK	 
REQUEST	Video Game DB	6		Get Specific Video Game	1605177533397	1605177533401	OK	 
REQUEST	Video Game DB	7		Get Specific Video Game	1605177533397	1605177533401	OK	 
REQUEST	Video Game DB	9		Get Specific Video Game	1605177533397	1605177533401	OK	 
REQUEST	Video Game DB	11		Get Specific Video Game	1605177533397	1605177533401	OK	 
REQUEST	Video Game DB	2		Get Specific Video Game	1605177533397	1605177533401	OK	 
REQUEST	Video Game DB	1		Get Specific Video Game	1605177533398	1605177533401	OK	 
REQUEST	Video Game DB	3		Get Specific Video Game	1605177533397	1605177533401	OK	 
REQUEST	Video Game DB	5		Get Specific Video Game	1605177533397	1605177533402	OK	 
REQUEST	Video Game DB	8		Get Specific Video Game	1605177533397	1605177533404	OK	 
USER	Video Game DB	54	START	1605177533756	1605177533756
REQUEST	Video Game DB	54		Get All Video Games	1605177533757	1605177533761	OK	 
REQUEST	Video Game DB	29		Get Specific Video Game	1605177533787	1605177533790	OK	 
REQUEST	Video Game DB	37		Get All Video Games	1605177533787	1605177533790	OK	 
REQUEST	Video Game DB	37		Get All Video Games	1605177533791	1605177533793	OK	 
REQUEST	Video Game DB	12		Get Specific Video Game	1605177533796	1605177533798	OK	 
USER	Video Game DB	55	START	1605177534256	1605177534256
REQUEST	Video Game DB	55		Get All Video Games	1605177534256	1605177534260	OK	 
REQUEST	Video Game DB	46		Get Specific Video Game	1605177534276	1605177534279	OK	 
REQUEST	Video Game DB	38		Get All Video Games	1605177534286	1605177534289	OK	 
REQUEST	Video Game DB	38		Get All Video Games	1605177534290	1605177534292	OK	 
REQUEST	Video Game DB	30		Get Specific Video Game	1605177534295	1605177534298	OK	 
REQUEST	Video Game DB	13		Get Specific Video Game	1605177534296	1605177534298	OK	 
REQUEST	Video Game DB	21		Get All Video Games	1605177534295	1605177534298	OK	 
REQUEST	Video Game DB	21		Get All Video Games	1605177534298	1605177534301	OK	 
REQUEST	Video Game DB	47		Get Specific Video Game	1605177534777	1605177534780	OK	 
REQUEST	Video Game DB	39		Get All Video Games	1605177534787	1605177534790	OK	 
REQUEST	Video Game DB	39		Get All Video Games	1605177534791	1605177534793	OK	 
REQUEST	Video Game DB	22		Get All Video Games	1605177534794	1605177534796	OK	 
REQUEST	Video Game DB	22		Get All Video Games	1605177534797	1605177534799	OK	 
REQUEST	Video Game DB	14		Get Specific Video Game	1605177534805	1605177534807	OK	 
USER	Video Game DB	56	START	1605177535257	1605177535257
REQUEST	Video Game DB	56		Get All Video Games	1605177535257	1605177535261	OK	 
REQUEST	Video Game DB	48		Get Specific Video Game	1605177535276	1605177535280	OK	 
REQUEST	Video Game DB	40		Get All Video Games	1605177535285	1605177535287	OK	 
REQUEST	Video Game DB	31		Get Specific Video Game	1605177535285	1605177535287	OK	 
REQUEST	Video Game DB	40		Get All Video Games	1605177535288	1605177535290	OK	 
REQUEST	Video Game DB	15		Get Specific Video Game	1605177535297	1605177535300	OK	 
REQUEST	Video Game DB	23		Get All Video Games	1605177535297	1605177535300	OK	 
REQUEST	Video Game DB	23		Get All Video Games	1605177535301	1605177535303	OK	 
USER	Video Game DB	57	START	1605177535754	1605177535754
REQUEST	Video Game DB	57		Get All Video Games	1605177535755	1605177535758	OK	 
REQUEST	Video Game DB	49		Get Specific Video Game	1605177535775	1605177535779	OK	 
REQUEST	Video Game DB	32		Get Specific Video Game	1605177535786	1605177535789	OK	 
REQUEST	Video Game DB	24		Get All Video Games	1605177535796	1605177535799	OK	 
REQUEST	Video Game DB	24		Get All Video Games	1605177535799	1605177535802	OK	 
USER	Video Game DB	58	START	1605177536254	1605177536254
REQUEST	Video Game DB	58		Get All Video Games	1605177536254	1605177536257	OK	 
REQUEST	Video Game DB	50		Get Specific Video Game	1605177536274	1605177536278	OK	 
REQUEST	Video Game DB	33		Get Specific Video Game	1605177536287	1605177536289	OK	 
REQUEST	Video Game DB	41		Get All Video Games	1605177536287	1605177536289	OK	 
REQUEST	Video Game DB	41		Get All Video Games	1605177536290	1605177536292	OK	 
REQUEST	Video Game DB	25		Get All Video Games	1605177536295	1605177536297	OK	 
REQUEST	Video Game DB	16		Get Specific Video Game	1605177536295	1605177536297	OK	 
REQUEST	Video Game DB	25		Get All Video Games	1605177536297	1605177536300	OK	 
USER	Video Game DB	59	START	1605177536754	1605177536754
REQUEST	Video Game DB	59		Get All Video Games	1605177536754	1605177536757	OK	 
REQUEST	Video Game DB	42		Get All Video Games	1605177536786	1605177536789	OK	 
REQUEST	Video Game DB	34		Get Specific Video Game	1605177536786	1605177536789	OK	 
REQUEST	Video Game DB	42		Get All Video Games	1605177536789	1605177536791	OK	 
REQUEST	Video Game DB	17		Get Specific Video Game	1605177536795	1605177536797	OK	 
USER	Video Game DB	60	START	1605177537255	1605177537255
REQUEST	Video Game DB	60		Get All Video Games	1605177537255	1605177537257	OK	 
REQUEST	Video Game DB	51		Get Specific Video Game	1605177537276	1605177537279	OK	 
REQUEST	Video Game DB	43		Get All Video Games	1605177537285	1605177537287	OK	 
REQUEST	Video Game DB	35		Get Specific Video Game	1605177537285	1605177537287	OK	 
REQUEST	Video Game DB	43		Get All Video Games	1605177537287	1605177537290	OK	 
REQUEST	Video Game DB	26		Get All Video Games	1605177537294	1605177537296	OK	 
REQUEST	Video Game DB	18		Get Specific Video Game	1605177537294	1605177537296	OK	 
REQUEST	Video Game DB	26		Get All Video Games	1605177537297	1605177537299	OK	 
REQUEST	Video Game DB	52		Get Specific Video Game	1605177537775	1605177537777	OK	 
REQUEST	Video Game DB	44		Get All Video Games	1605177537784	1605177537786	OK	 
REQUEST	Video Game DB	44		Get All Video Games	1605177537787	1605177537789	OK	 
REQUEST	Video Game DB	27		Get All Video Games	1605177537795	1605177537797	OK	 
REQUEST	Video Game DB	19		Get Specific Video Game	1605177537795	1605177537797	OK	 
REQUEST	Video Game DB	27		Get All Video Games	1605177537798	1605177537800	OK	 
REQUEST	Video Game DB	53		Get Specific Video Game	1605177538276	1605177538279	OK	 
REQUEST	Video Game DB	36		Get Specific Video Game	1605177538285	1605177538287	OK	 
REQUEST	Video Game DB	45		Get All Video Games	1605177538285	1605177538287	OK	 
REQUEST	Video Game DB	45		Get All Video Games	1605177538288	1605177538290	OK	 
REQUEST	Video Game DB	20		Get Specific Video Game	1605177538295	1605177538297	OK	 
REQUEST	Video Game DB	28		Get All Video Games	1605177538295	1605177538297	OK	 
REQUEST	Video Game DB	28		Get All Video Games	1605177538297	1605177538299	OK	 
REQUEST	Video Game DB	4		Get All Video Games	1605177538396	1605177538399	OK	 
REQUEST	Video Game DB	6		Get All Video Games	1605177538396	1605177538399	OK	 
REQUEST	Video Game DB	8		Get All Video Games	1605177538395	1605177538399	OK	 
REQUEST	Video Game DB	2		Get All Video Games	1605177538395	1605177538399	OK	 
REQUEST	Video Game DB	11		Get All Video Games	1605177538395	1605177538399	OK	 
REQUEST	Video Game DB	9		Get All Video Games	1605177538396	1605177538399	OK	 
REQUEST	Video Game DB	11		Get All Video Games	1605177538399	1605177538402	OK	 
REQUEST	Video Game DB	8		Get All Video Games	1605177538399	1605177538402	OK	 
REQUEST	Video Game DB	2		Get All Video Games	1605177538399	1605177538403	OK	 
REQUEST	Video Game DB	9		Get All Video Games	1605177538399	1605177538402	OK	 
REQUEST	Video Game DB	6		Get All Video Games	1605177538399	1605177538403	OK	 
REQUEST	Video Game DB	4		Get All Video Games	1605177538399	1605177538403	OK	 
REQUEST	Video Game DB	10		Get All Video Games	1605177538405	1605177538407	OK	 
REQUEST	Video Game DB	3		Get All Video Games	1605177538405	1605177538407	OK	 
REQUEST	Video Game DB	1		Get All Video Games	1605177538405	1605177538407	OK	 
REQUEST	Video Game DB	7		Get All Video Games	1605177538405	1605177538407	OK	 
REQUEST	Video Game DB	5		Get All Video Games	1605177538405	1605177538407	OK	 
REQUEST	Video Game DB	5		Get All Video Games	1605177538408	1605177538411	OK	 
REQUEST	Video Game DB	3		Get All Video Games	1605177538408	1605177538411	OK	 
REQUEST	Video Game DB	7		Get All Video Games	1605177538408	1605177538411	OK	 
REQUEST	Video Game DB	10		Get All Video Games	1605177538408	1605177538410	OK	 
REQUEST	Video Game DB	1		Get All Video Games	1605177538408	1605177538411	OK	 
REQUEST	Video Game DB	54		Get Specific Video Game	1605177538775	1605177538778	OK	 
REQUEST	Video Game DB	37		Get Specific Video Game	1605177538786	1605177538789	OK	 
REQUEST	Video Game DB	29		Get All Video Games	1605177538797	1605177538799	OK	 
REQUEST	Video Game DB	29		Get All Video Games	1605177538800	1605177538802	OK	 
REQUEST	Video Game DB	12		Get All Video Games	1605177538806	1605177538808	OK	 
REQUEST	Video Game DB	12		Get All Video Games	1605177538808	1605177538810	OK	 
REQUEST	Video Game DB	55		Get Specific Video Game	1605177539274	1605177539278	OK	 
REQUEST	Video Game DB	46		Get All Video Games	1605177539286	1605177539288	OK	 
REQUEST	Video Game DB	38		Get Specific Video Game	1605177539286	1605177539288	OK	 
REQUEST	Video Game DB	46		Get All Video Games	1605177539289	1605177539291	OK	 
REQUEST	Video Game DB	30		Get All Video Games	1605177539294	1605177539296	OK	 
REQUEST	Video Game DB	21		Get Specific Video Game	1605177539294	1605177539296	OK	 
REQUEST	Video Game DB	30		Get All Video Games	1605177539297	1605177539298	OK	 
REQUEST	Video Game DB	13		Get All Video Games	1605177539306	1605177539308	OK	 
REQUEST	Video Game DB	13		Get All Video Games	1605177539308	1605177539310	OK	 
REQUEST	Video Game DB	39		Get Specific Video Game	1605177539786	1605177539789	OK	 
REQUEST	Video Game DB	47		Get All Video Games	1605177539786	1605177539789	OK	 
REQUEST	Video Game DB	47		Get All Video Games	1605177539790	1605177539792	OK	 
REQUEST	Video Game DB	22		Get Specific Video Game	1605177539807	1605177539809	OK	 
REQUEST	Video Game DB	14		Get All Video Games	1605177539814	1605177539816	OK	 
REQUEST	Video Game DB	14		Get All Video Games	1605177539816	1605177539818	OK	 
REQUEST	Video Game DB	56		Get Specific Video Game	1605177540276	1605177540278	OK	 
REQUEST	Video Game DB	48		Get All Video Games	1605177540286	1605177540287	OK	 
REQUEST	Video Game DB	40		Get Specific Video Game	1605177540286	1605177540287	OK	 
REQUEST	Video Game DB	48		Get All Video Games	1605177540288	1605177540289	OK	 
REQUEST	Video Game DB	15		Get All Video Games	1605177540294	1605177540295	OK	 
REQUEST	Video Game DB	23		Get Specific Video Game	1605177540294	1605177540295	OK	 
REQUEST	Video Game DB	31		Get All Video Games	1605177540294	1605177540295	OK	 
REQUEST	Video Game DB	15		Get All Video Games	1605177540296	1605177540297	OK	 
REQUEST	Video Game DB	31		Get All Video Games	1605177540296	1605177540297	OK	 
REQUEST	Video Game DB	57		Get Specific Video Game	1605177540776	1605177540777	OK	 
REQUEST	Video Game DB	49		Get All Video Games	1605177540786	1605177540787	OK	 
REQUEST	Video Game DB	49		Get All Video Games	1605177540788	1605177540789	OK	 
REQUEST	Video Game DB	24		Get Specific Video Game	1605177540796	1605177540798	OK	 
REQUEST	Video Game DB	32		Get All Video Games	1605177540796	1605177540798	OK	 
REQUEST	Video Game DB	32		Get All Video Games	1605177540798	1605177540800	OK	 
REQUEST	Video Game DB	58		Get Specific Video Game	1605177541276	1605177541279	OK	 
REQUEST	Video Game DB	41		Get Specific Video Game	1605177541286	1605177541289	OK	 
REQUEST	Video Game DB	50		Get All Video Games	1605177541286	1605177541289	OK	 
REQUEST	Video Game DB	50		Get All Video Games	1605177541290	1605177541291	OK	 
REQUEST	Video Game DB	33		Get All Video Games	1605177541295	1605177541297	OK	 
REQUEST	Video Game DB	33		Get All Video Games	1605177541297	1605177541299	OK	 
REQUEST	Video Game DB	25		Get Specific Video Game	1605177541305	1605177541308	OK	 
REQUEST	Video Game DB	16		Get All Video Games	1605177541305	1605177541308	OK	 
REQUEST	Video Game DB	16		Get All Video Games	1605177541308	1605177541310	OK	 
REQUEST	Video Game DB	59		Get Specific Video Game	1605177541776	1605177541779	OK	 
REQUEST	Video Game DB	42		Get Specific Video Game	1605177541786	1605177541788	OK	 
REQUEST	Video Game DB	34		Get All Video Games	1605177541795	1605177541797	OK	 
REQUEST	Video Game DB	34		Get All Video Games	1605177541797	1605177541799	OK	 
REQUEST	Video Game DB	17		Get All Video Games	1605177541805	1605177541807	OK	 
REQUEST	Video Game DB	17		Get All Video Games	1605177541807	1605177541809	OK	 
REQUEST	Video Game DB	60		Get Specific Video Game	1605177542276	1605177542279	OK	 
REQUEST	Video Game DB	51		Get All Video Games	1605177542286	1605177542289	OK	 
REQUEST	Video Game DB	43		Get Specific Video Game	1605177542286	1605177542289	OK	 
REQUEST	Video Game DB	51		Get All Video Games	1605177542290	1605177542291	OK	 
REQUEST	Video Game DB	35		Get All Video Games	1605177542295	1605177542297	OK	 
REQUEST	Video Game DB	26		Get Specific Video Game	1605177542295	1605177542297	OK	 
REQUEST	Video Game DB	35		Get All Video Games	1605177542297	1605177542299	OK	 
REQUEST	Video Game DB	18		Get All Video Games	1605177542305	1605177542307	OK	 
REQUEST	Video Game DB	18		Get All Video Games	1605177542307	1605177542309	OK	 
REQUEST	Video Game DB	44		Get Specific Video Game	1605177542785	1605177542787	OK	 
REQUEST	Video Game DB	52		Get All Video Games	1605177542785	1605177542787	OK	 
REQUEST	Video Game DB	52		Get All Video Games	1605177542787	1605177542789	OK	 
REQUEST	Video Game DB	27		Get Specific Video Game	1605177542796	1605177542798	OK	 
REQUEST	Video Game DB	19		Get All Video Games	1605177542805	1605177542808	OK	 
REQUEST	Video Game DB	19		Get All Video Games	1605177542808	1605177542810	OK	 
REQUEST	Video Game DB	45		Get Specific Video Game	1605177543284	1605177543287	OK	 
REQUEST	Video Game DB	53		Get All Video Games	1605177543284	1605177543287	OK	 
REQUEST	Video Game DB	53		Get All Video Games	1605177543287	1605177543289	OK	 
REQUEST	Video Game DB	28		Get Specific Video Game	1605177543295	1605177543297	OK	 
REQUEST	Video Game DB	36		Get All Video Games	1605177543295	1605177543297	OK	 
REQUEST	Video Game DB	36		Get All Video Games	1605177543297	1605177543299	OK	 
REQUEST	Video Game DB	20		Get All Video Games	1605177543306	1605177543308	OK	 
REQUEST	Video Game DB	20		Get All Video Games	1605177543308	1605177543310	OK	 
REQUEST	Video Game DB	11		Get Specific Video Game	1605177543395	1605177543399	OK	 
REQUEST	Video Game DB	2		Get Specific Video Game	1605177543395	1605177543399	OK	 
REQUEST	Video Game DB	9		Get Specific Video Game	1605177543406	1605177543409	OK	 
REQUEST	Video Game DB	1		Get Specific Video Game	1605177543406	1605177543409	OK	 
REQUEST	Video Game DB	3		Get Specific Video Game	1605177543406	1605177543409	OK	 
REQUEST	Video Game DB	5		Get Specific Video Game	1605177543406	1605177543409	OK	 
REQUEST	Video Game DB	4		Get Specific Video Game	1605177543406	1605177543409	OK	 
REQUEST	Video Game DB	10		Get Specific Video Game	1605177543406	1605177543409	OK	 
REQUEST	Video Game DB	6		Get Specific Video Game	1605177543406	1605177543409	OK	 
REQUEST	Video Game DB	8		Get Specific Video Game	1605177543406	1605177543409	OK	 
REQUEST	Video Game DB	7		Get Specific Video Game	1605177543406	1605177543409	OK	 
REQUEST	Video Game DB	37		Get All Video Games	1605177543786	1605177543788	OK	 
REQUEST	Video Game DB	54		Get All Video Games	1605177543786	1605177543788	OK	 
REQUEST	Video Game DB	54		Get All Video Games	1605177543788	1605177543790	OK	 
REQUEST	Video Game DB	37		Get All Video Games	1605177543788	1605177543790	OK	 
REQUEST	Video Game DB	29		Get Specific Video Game	1605177543794	1605177543795	OK	 
REQUEST	Video Game DB	12		Get Specific Video Game	1605177543806	1605177543808	OK	 
REQUEST	Video Game DB	55		Get All Video Games	1605177544287	1605177544289	OK	 
REQUEST	Video Game DB	46		Get Specific Video Game	1605177544287	1605177544289	OK	 
REQUEST	Video Game DB	55		Get All Video Games	1605177544289	1605177544291	OK	 
REQUEST	Video Game DB	38		Get All Video Games	1605177544295	1605177544297	OK	 
REQUEST	Video Game DB	30		Get Specific Video Game	1605177544295	1605177544297	OK	 
REQUEST	Video Game DB	38		Get All Video Games	1605177544297	1605177544299	OK	 
REQUEST	Video Game DB	13		Get Specific Video Game	1605177544306	1605177544308	OK	 
REQUEST	Video Game DB	21		Get All Video Games	1605177544306	1605177544308	OK	 
REQUEST	Video Game DB	21		Get All Video Games	1605177544308	1605177544310	OK	 
REQUEST	Video Game DB	47		Get Specific Video Game	1605177544785	1605177544788	OK	 
REQUEST	Video Game DB	39		Get All Video Games	1605177544795	1605177544797	OK	 
REQUEST	Video Game DB	39		Get All Video Games	1605177544797	1605177544799	OK	 
REQUEST	Video Game DB	22		Get All Video Games	1605177544805	1605177544807	OK	 
REQUEST	Video Game DB	22		Get All Video Games	1605177544808	1605177544809	OK	 
REQUEST	Video Game DB	14		Get Specific Video Game	1605177544814	1605177544816	OK	 
REQUEST	Video Game DB	56		Get All Video Games	1605177545285	1605177545288	OK	 
REQUEST	Video Game DB	48		Get Specific Video Game	1605177545285	1605177545288	OK	 
REQUEST	Video Game DB	40		Get All Video Games	1605177545285	1605177545288	OK	 
REQUEST	Video Game DB	40		Get All Video Games	1605177545288	1605177545290	OK	 
REQUEST	Video Game DB	56		Get All Video Games	1605177545288	1605177545290	OK	 
REQUEST	Video Game DB	31		Get Specific Video Game	1605177545295	1605177545297	OK	 
REQUEST	Video Game DB	23		Get All Video Games	1605177545304	1605177545306	OK	 
REQUEST	Video Game DB	15		Get Specific Video Game	1605177545304	1605177545306	OK	 
REQUEST	Video Game DB	23		Get All Video Games	1605177545306	1605177545308	OK	 
REQUEST	Video Game DB	49		Get Specific Video Game	1605177545785	1605177545787	OK	 
REQUEST	Video Game DB	57		Get All Video Games	1605177545785	1605177545787	OK	 
REQUEST	Video Game DB	57		Get All Video Games	1605177545788	1605177545790	OK	 
REQUEST	Video Game DB	32		Get Specific Video Game	1605177545795	1605177545797	OK	 
REQUEST	Video Game DB	24		Get All Video Games	1605177545805	1605177545808	OK	 
REQUEST	Video Game DB	24		Get All Video Games	1605177545809	1605177545811	OK	 
REQUEST	Video Game DB	58		Get All Video Games	1605177546274	1605177546276	OK	 
REQUEST	Video Game DB	58		Get All Video Games	1605177546276	1605177546278	OK	 
REQUEST	Video Game DB	50		Get Specific Video Game	1605177546285	1605177546287	OK	 
REQUEST	Video Game DB	41		Get All Video Games	1605177546295	1605177546297	OK	 
REQUEST	Video Game DB	33		Get Specific Video Game	1605177546295	1605177546297	OK	 
REQUEST	Video Game DB	41		Get All Video Games	1605177546297	1605177546299	OK	 
REQUEST	Video Game DB	16		Get Specific Video Game	1605177546305	1605177546307	OK	 
REQUEST	Video Game DB	25		Get All Video Games	1605177546305	1605177546307	OK	 
REQUEST	Video Game DB	25		Get All Video Games	1605177546307	1605177546309	OK	 
REQUEST	Video Game DB	59		Get All Video Games	1605177546786	1605177546789	OK	 
REQUEST	Video Game DB	59		Get All Video Games	1605177546789	1605177546791	OK	 
REQUEST	Video Game DB	42		Get All Video Games	1605177546795	1605177546797	OK	 
REQUEST	Video Game DB	34		Get Specific Video Game	1605177546795	1605177546797	OK	 
REQUEST	Video Game DB	42		Get All Video Games	1605177546798	1605177546799	OK	 
REQUEST	Video Game DB	17		Get Specific Video Game	1605177546804	1605177546806	OK	 
REQUEST	Video Game DB	60		Get All Video Games	1605177547285	1605177547287	OK	 
REQUEST	Video Game DB	51		Get Specific Video Game	1605177547285	1605177547287	OK	 
REQUEST	Video Game DB	60		Get All Video Games	1605177547287	1605177547289	OK	 
REQUEST	Video Game DB	43		Get All Video Games	1605177547295	1605177547297	OK	 
REQUEST	Video Game DB	35		Get Specific Video Game	1605177547295	1605177547297	OK	 
REQUEST	Video Game DB	43		Get All Video Games	1605177547297	1605177547299	OK	 
REQUEST	Video Game DB	18		Get Specific Video Game	1605177547306	1605177547308	OK	 
REQUEST	Video Game DB	26		Get All Video Games	1605177547306	1605177547308	OK	 
REQUEST	Video Game DB	26		Get All Video Games	1605177547308	1605177547310	OK	 
REQUEST	Video Game DB	52		Get Specific Video Game	1605177547786	1605177547789	OK	 
REQUEST	Video Game DB	44		Get All Video Games	1605177547795	1605177547797	OK	 
REQUEST	Video Game DB	44		Get All Video Games	1605177547797	1605177547799	OK	 
REQUEST	Video Game DB	27		Get All Video Games	1605177547804	1605177547806	OK	 
REQUEST	Video Game DB	19		Get Specific Video Game	1605177547804	1605177547806	OK	 
REQUEST	Video Game DB	27		Get All Video Games	1605177547806	1605177547807	OK	 
REQUEST	Video Game DB	53		Get Specific Video Game	1605177548287	1605177548289	OK	 
REQUEST	Video Game DB	36		Get Specific Video Game	1605177548295	1605177548297	OK	 
REQUEST	Video Game DB	45		Get All Video Games	1605177548295	1605177548297	OK	 
REQUEST	Video Game DB	45		Get All Video Games	1605177548297	1605177548299	OK	 
REQUEST	Video Game DB	20		Get Specific Video Game	1605177548305	1605177548307	OK	 
REQUEST	Video Game DB	28		Get All Video Games	1605177548305	1605177548307	OK	 
REQUEST	Video Game DB	28		Get All Video Games	1605177548307	1605177548308	OK	 
REQUEST	Video Game DB	11		Get All Video Games	1605177548406	1605177548408	OK	 
REQUEST	Video Game DB	2		Get All Video Games	1605177548406	1605177548408	OK	 
REQUEST	Video Game DB	11		Get All Video Games	1605177548409	1605177548411	OK	 
REQUEST	Video Game DB	2		Get All Video Games	1605177548409	1605177548411	OK	 
REQUEST	Video Game DB	10		Get All Video Games	1605177548415	1605177548418	OK	 
REQUEST	Video Game DB	8		Get All Video Games	1605177548415	1605177548418	OK	 
REQUEST	Video Game DB	3		Get All Video Games	1605177548415	1605177548418	OK	 
REQUEST	Video Game DB	5		Get All Video Games	1605177548415	1605177548418	OK	 
REQUEST	Video Game DB	4		Get All Video Games	1605177548415	1605177548418	OK	 
REQUEST	Video Game DB	9		Get All Video Games	1605177548415	1605177548418	OK	 
REQUEST	Video Game DB	6		Get All Video Games	1605177548415	1605177548418	OK	 
REQUEST	Video Game DB	1		Get All Video Games	1605177548415	1605177548418	OK	 
REQUEST	Video Game DB	7		Get All Video Games	1605177548415	1605177548419	OK	 
REQUEST	Video Game DB	3		Get All Video Games	1605177548419	1605177548421	OK	 
REQUEST	Video Game DB	1		Get All Video Games	1605177548419	1605177548422	OK	 
REQUEST	Video Game DB	9		Get All Video Games	1605177548419	1605177548422	OK	 
REQUEST	Video Game DB	7		Get All Video Games	1605177548419	1605177548422	OK	 
REQUEST	Video Game DB	10		Get All Video Games	1605177548419	1605177548422	OK	 
REQUEST	Video Game DB	4		Get All Video Games	1605177548419	1605177548421	OK	 
REQUEST	Video Game DB	8		Get All Video Games	1605177548419	1605177548421	OK	 
REQUEST	Video Game DB	6		Get All Video Games	1605177548419	1605177548422	OK	 
REQUEST	Video Game DB	5		Get All Video Games	1605177548419	1605177548422	OK	 
REQUEST	Video Game DB	54		Get Specific Video Game	1605177548786	1605177548789	OK	 
REQUEST	Video Game DB	37		Get Specific Video Game	1605177548795	1605177548797	OK	 
REQUEST	Video Game DB	29		Get All Video Games	1605177548804	1605177548807	OK	 
REQUEST	Video Game DB	29		Get All Video Games	1605177548807	1605177548809	OK	 
REQUEST	Video Game DB	12		Get All Video Games	1605177548815	1605177548817	OK	 
REQUEST	Video Game DB	12		Get All Video Games	1605177548817	1605177548819	OK	 
REQUEST	Video Game DB	55		Get Specific Video Game	1605177549285	1605177549287	OK	 
REQUEST	Video Game DB	46		Get All Video Games	1605177549294	1605177549296	OK	 
REQUEST	Video Game DB	38		Get Specific Video Game	1605177549294	1605177549296	OK	 
REQUEST	Video Game DB	46		Get All Video Games	1605177549297	1605177549298	OK	 
REQUEST	Video Game DB	30		Get All Video Games	1605177549307	1605177549308	OK	 
REQUEST	Video Game DB	21		Get Specific Video Game	1605177549307	1605177549308	OK	 
REQUEST	Video Game DB	30		Get All Video Games	1605177549309	1605177549310	OK	 
REQUEST	Video Game DB	13		Get All Video Games	1605177549315	1605177549317	OK	 
REQUEST	Video Game DB	13		Get All Video Games	1605177549317	1605177549319	OK	 
REQUEST	Video Game DB	39		Get Specific Video Game	1605177549797	1605177549799	OK	 
REQUEST	Video Game DB	47		Get All Video Games	1605177549797	1605177549799	OK	 
REQUEST	Video Game DB	47		Get All Video Games	1605177549799	1605177549801	OK	 
REQUEST	Video Game DB	22		Get Specific Video Game	1605177549806	1605177549807	OK	 
REQUEST	Video Game DB	14		Get All Video Games	1605177549826	1605177549828	OK	 
REQUEST	Video Game DB	14		Get All Video Games	1605177549828	1605177549830	OK	 
REQUEST	Video Game DB	56		Get Specific Video Game	1605177550284	1605177550287	OK	 
REQUEST	Video Game DB	31		Get All Video Games	1605177550296	1605177550298	OK	 
REQUEST	Video Game DB	40		Get Specific Video Game	1605177550296	1605177550298	OK	 
REQUEST	Video Game DB	48		Get All Video Games	1605177550296	1605177550298	OK	 
REQUEST	Video Game DB	31		Get All Video Games	1605177550299	1605177550300	OK	 
REQUEST	Video Game DB	48		Get All Video Games	1605177550299	1605177550300	OK	 
REQUEST	Video Game DB	23		Get Specific Video Game	1605177550305	1605177550307	OK	 
REQUEST	Video Game DB	15		Get All Video Games	1605177550305	1605177550307	OK	 
REQUEST	Video Game DB	15		Get All Video Games	1605177550308	1605177550309	OK	 
REQUEST	Video Game DB	57		Get Specific Video Game	1605177550786	1605177550789	OK	 
REQUEST	Video Game DB	49		Get All Video Games	1605177550796	1605177550798	OK	 
REQUEST	Video Game DB	49		Get All Video Games	1605177550798	1605177550799	OK	 
REQUEST	Video Game DB	24		Get Specific Video Game	1605177550807	1605177550809	OK	 
REQUEST	Video Game DB	32		Get All Video Games	1605177550806	1605177550809	OK	 
REQUEST	Video Game DB	32		Get All Video Games	1605177550809	1605177550810	OK	 
REQUEST	Video Game DB	58		Get Specific Video Game	1605177551284	1605177551286	OK	 
REQUEST	Video Game DB	41		Get Specific Video Game	1605177551294	1605177551296	OK	 
REQUEST	Video Game DB	50		Get All Video Games	1605177551295	1605177551296	OK	 
REQUEST	Video Game DB	50		Get All Video Games	1605177551297	1605177551299	OK	 
REQUEST	Video Game DB	25		Get Specific Video Game	1605177551307	1605177551308	OK	 
REQUEST	Video Game DB	33		Get All Video Games	1605177551307	1605177551308	OK	 
REQUEST	Video Game DB	33		Get All Video Games	1605177551308	1605177551310	OK	 
REQUEST	Video Game DB	16		Get All Video Games	1605177551316	1605177551318	OK	 
REQUEST	Video Game DB	16		Get All Video Games	1605177551318	1605177551319	OK	 
REQUEST	Video Game DB	59		Get Specific Video Game	1605177551786	1605177551788	OK	 
REQUEST	Video Game DB	42		Get Specific Video Game	1605177551796	1605177551798	OK	 
REQUEST	Video Game DB	34		Get All Video Games	1605177551796	1605177551798	OK	 
REQUEST	Video Game DB	34		Get All Video Games	1605177551798	1605177551800	OK	 
REQUEST	Video Game DB	17		Get All Video Games	1605177551814	1605177551817	OK	 
REQUEST	Video Game DB	17		Get All Video Games	1605177551817	1605177551819	OK	 
REQUEST	Video Game DB	60		Get Specific Video Game	1605177552284	1605177552286	OK	 
REQUEST	Video Game DB	43		Get Specific Video Game	1605177552295	1605177552297	OK	 
REQUEST	Video Game DB	51		Get All Video Games	1605177552295	1605177552297	OK	 
REQUEST	Video Game DB	35		Get All Video Games	1605177552295	1605177552297	OK	 
REQUEST	Video Game DB	51		Get All Video Games	1605177552297	1605177552299	OK	 
REQUEST	Video Game DB	35		Get All Video Games	1605177552297	1605177552299	OK	 
REQUEST	Video Game DB	26		Get Specific Video Game	1605177552305	1605177552307	OK	 
REQUEST	Video Game DB	18		Get All Video Games	1605177552305	1605177552307	OK	 
REQUEST	Video Game DB	18		Get All Video Games	1605177552307	1605177552308	OK	 
REQUEST	Video Game DB	44		Get Specific Video Game	1605177552795	1605177552798	OK	 
REQUEST	Video Game DB	52		Get All Video Games	1605177552795	1605177552798	OK	 
REQUEST	Video Game DB	52		Get All Video Games	1605177552798	1605177552800	OK	 
REQUEST	Video Game DB	27		Get Specific Video Game	1605177552805	1605177552806	OK	 
REQUEST	Video Game DB	19		Get All Video Games	1605177552814	1605177552816	OK	 
REQUEST	Video Game DB	19		Get All Video Games	1605177552816	1605177552818	OK	 
REQUEST	Video Game DB	45		Get Specific Video Game	1605177553294	1605177553296	OK	 
REQUEST	Video Game DB	53		Get All Video Games	1605177553294	1605177553296	OK	 
REQUEST	Video Game DB	53		Get All Video Games	1605177553297	1605177553298	OK	 
REQUEST	Video Game DB	28		Get Specific Video Game	1605177553305	1605177553307	OK	 
REQUEST	Video Game DB	36		Get All Video Games	1605177553305	1605177553307	OK	 
REQUEST	Video Game DB	36		Get All Video Games	1605177553308	1605177553309	OK	 
REQUEST	Video Game DB	20		Get All Video Games	1605177553315	1605177553316	OK	 
REQUEST	Video Game DB	20		Get All Video Games	1605177553317	1605177553318	OK	 
REQUEST	Video Game DB	11		Get Specific Video Game	1605177553406	1605177553408	OK	 
REQUEST	Video Game DB	2		Get Specific Video Game	1605177553416	1605177553419	OK	 
REQUEST	Video Game DB	6		Get Specific Video Game	1605177553416	1605177553419	OK	 
REQUEST	Video Game DB	5		Get Specific Video Game	1605177553417	1605177553419	OK	 
REQUEST	Video Game DB	7		Get Specific Video Game	1605177553416	1605177553419	OK	 
REQUEST	Video Game DB	1		Get Specific Video Game	1605177553416	1605177553419	OK	 
REQUEST	Video Game DB	10		Get Specific Video Game	1605177553416	1605177553419	OK	 
REQUEST	Video Game DB	8		Get Specific Video Game	1605177553416	1605177553419	OK	 
REQUEST	Video Game DB	3		Get Specific Video Game	1605177553416	1605177553420	OK	 
REQUEST	Video Game DB	9		Get Specific Video Game	1605177553416	1605177553419	OK	 
REQUEST	Video Game DB	4		Get Specific Video Game	1605177553416	1605177553420	OK	 
REQUEST	Video Game DB	54		Get All Video Games	1605177553794	1605177553797	OK	 
REQUEST	Video Game DB	37		Get All Video Games	1605177553794	1605177553797	OK	 
REQUEST	Video Game DB	37		Get All Video Games	1605177553797	1605177553799	OK	 
REQUEST	Video Game DB	54		Get All Video Games	1605177553797	1605177553799	OK	 
REQUEST	Video Game DB	29		Get Specific Video Game	1605177553804	1605177553806	OK	 
REQUEST	Video Game DB	12		Get Specific Video Game	1605177553816	1605177553818	OK	 
REQUEST	Video Game DB	46		Get Specific Video Game	1605177554296	1605177554298	OK	 
REQUEST	Video Game DB	55		Get All Video Games	1605177554296	1605177554298	OK	 
REQUEST	Video Game DB	55		Get All Video Games	1605177554298	1605177554299	OK	 
REQUEST	Video Game DB	21		Get All Video Games	1605177554305	1605177554306	OK	 
REQUEST	Video Game DB	30		Get Specific Video Game	1605177554305	1605177554306	OK	 
REQUEST	Video Game DB	38		Get All Video Games	1605177554305	1605177554306	OK	 
REQUEST	Video Game DB	21		Get All Video Games	1605177554307	1605177554308	OK	 
REQUEST	Video Game DB	38		Get All Video Games	1605177554307	1605177554308	OK	 
REQUEST	Video Game DB	13		Get Specific Video Game	1605177554315	1605177554317	OK	 
REQUEST	Video Game DB	47		Get Specific Video Game	1605177554794	1605177554797	OK	 
REQUEST	Video Game DB	39		Get All Video Games	1605177554806	1605177554808	OK	 
REQUEST	Video Game DB	39		Get All Video Games	1605177554809	1605177554810	OK	 
REQUEST	Video Game DB	22		Get All Video Games	1605177554815	1605177554817	OK	 
REQUEST	Video Game DB	22		Get All Video Games	1605177554817	1605177554818	OK	 
REQUEST	Video Game DB	14		Get Specific Video Game	1605177554826	1605177554828	OK	 
REQUEST	Video Game DB	31		Get Specific Video Game	1605177555295	1605177555298	OK	 
REQUEST	Video Game DB	56		Get All Video Games	1605177555295	1605177555298	OK	 
REQUEST	Video Game DB	40		Get All Video Games	1605177555295	1605177555298	OK	 
REQUEST	Video Game DB	48		Get Specific Video Game	1605177555295	1605177555298	OK	 
REQUEST	Video Game DB	56		Get All Video Games	1605177555298	1605177555300	OK	 
REQUEST	Video Game DB	40		Get All Video Games	1605177555298	1605177555300	OK	 
REQUEST	Video Game DB	23		Get All Video Games	1605177555305	1605177555307	OK	 
REQUEST	Video Game DB	15		Get Specific Video Game	1605177555305	1605177555307	OK	 
REQUEST	Video Game DB	23		Get All Video Games	1605177555307	1605177555309	OK	 
REQUEST	Video Game DB	57		Get All Video Games	1605177555785	1605177555787	OK	 
REQUEST	Video Game DB	57		Get All Video Games	1605177555787	1605177555789	OK	 
REQUEST	Video Game DB	49		Get Specific Video Game	1605177555796	1605177555798	OK	 
REQUEST	Video Game DB	24		Get All Video Games	1605177555804	1605177555806	OK	 
REQUEST	Video Game DB	32		Get Specific Video Game	1605177555804	1605177555806	OK	 
REQUEST	Video Game DB	24		Get All Video Games	1605177555806	1605177555808	OK	 
REQUEST	Video Game DB	58		Get All Video Games	1605177556284	1605177556286	OK	 
REQUEST	Video Game DB	58		Get All Video Games	1605177556286	1605177556288	OK	 
REQUEST	Video Game DB	50		Get Specific Video Game	1605177556295	1605177556297	OK	 
REQUEST	Video Game DB	33		Get Specific Video Game	1605177556305	1605177556307	OK	 
REQUEST	Video Game DB	41		Get All Video Games	1605177556305	1605177556307	OK	 
REQUEST	Video Game DB	41		Get All Video Games	1605177556308	1605177556309	OK	 
REQUEST	Video Game DB	25		Get All Video Games	1605177556316	1605177556318	OK	 
REQUEST	Video Game DB	16		Get Specific Video Game	1605177556317	1605177556318	OK	 
REQUEST	Video Game DB	25		Get All Video Games	1605177556318	1605177556320	OK	 
REQUEST	Video Game DB	59		Get All Video Games	1605177556786	1605177556788	OK	 
REQUEST	Video Game DB	59		Get All Video Games	1605177556788	1605177556790	OK	 
REQUEST	Video Game DB	34		Get Specific Video Game	1605177556795	1605177556796	OK	 
REQUEST	Video Game DB	42		Get All Video Games	1605177556806	1605177556808	OK	 
REQUEST	Video Game DB	42		Get All Video Games	1605177556809	1605177556810	OK	 
REQUEST	Video Game DB	17		Get Specific Video Game	1605177556816	1605177556817	OK	 
REQUEST	Video Game DB	51		Get Specific Video Game	1605177557295	1605177557298	OK	 
REQUEST	Video Game DB	60		Get All Video Games	1605177557295	1605177557297	OK	 
REQUEST	Video Game DB	60		Get All Video Games	1605177557298	1605177557299	OK	 
REQUEST	Video Game DB	26		Get All Video Games	1605177557305	1605177557308	OK	 
REQUEST	Video Game DB	18		Get Specific Video Game	1605177557306	1605177557308	OK	 
REQUEST	Video Game DB	43		Get All Video Games	1605177557306	1605177557308	OK	 
REQUEST	Video Game DB	35		Get Specific Video Game	1605177557306	1605177557308	OK	 
REQUEST	Video Game DB	43		Get All Video Games	1605177557308	1605177557310	OK	 
REQUEST	Video Game DB	26		Get All Video Games	1605177557308	1605177557310	OK	 
REQUEST	Video Game DB	44		Get All Video Games	1605177557794	1605177557796	OK	 
REQUEST	Video Game DB	52		Get Specific Video Game	1605177557794	1605177557796	OK	 
REQUEST	Video Game DB	44		Get All Video Games	1605177557797	1605177557798	OK	 
REQUEST	Video Game DB	27		Get All Video Games	1605177557805	1605177557807	OK	 
REQUEST	Video Game DB	27		Get All Video Games	1605177557807	1605177557809	OK	 
REQUEST	Video Game DB	19		Get Specific Video Game	1605177557817	1605177557819	OK	 
REQUEST	Video Game DB	53		Get Specific Video Game	1605177558296	1605177558299	OK	 
REQUEST	Video Game DB	45		Get All Video Games	1605177558305	1605177558307	OK	 
REQUEST	Video Game DB	36		Get Specific Video Game	1605177558305	1605177558307	OK	 
REQUEST	Video Game DB	28		Get All Video Games	1605177558305	1605177558307	OK	 
REQUEST	Video Game DB	45		Get All Video Games	1605177558308	1605177558309	OK	 
REQUEST	Video Game DB	28		Get All Video Games	1605177558308	1605177558309	OK	 
REQUEST	Video Game DB	20		Get Specific Video Game	1605177558316	1605177558318	OK	 
REQUEST	Video Game DB	2		Get All Video Games	1605177558415	1605177558417	OK	 
REQUEST	Video Game DB	11		Get All Video Games	1605177558415	1605177558417	OK	 
REQUEST	Video Game DB	11		Get All Video Games	1605177558417	1605177558419	OK	 
REQUEST	Video Game DB	2		Get All Video Games	1605177558417	1605177558419	OK	 
REQUEST	Video Game DB	8		Get All Video Games	1605177558425	1605177558427	OK	 
REQUEST	Video Game DB	7		Get All Video Games	1605177558425	1605177558427	OK	 
REQUEST	Video Game DB	3		Get All Video Games	1605177558425	1605177558427	OK	 
REQUEST	Video Game DB	10		Get All Video Games	1605177558425	1605177558427	OK	 
REQUEST	Video Game DB	6		Get All Video Games	1605177558425	1605177558427	OK	 
REQUEST	Video Game DB	4		Get All Video Games	1605177558425	1605177558427	OK	 
REQUEST	Video Game DB	1		Get All Video Games	1605177558425	1605177558427	OK	 
REQUEST	Video Game DB	9		Get All Video Games	1605177558425	1605177558427	OK	 
REQUEST	Video Game DB	5		Get All Video Games	1605177558425	1605177558427	OK	 
REQUEST	Video Game DB	7		Get All Video Games	1605177558428	1605177558429	OK	 
REQUEST	Video Game DB	10		Get All Video Games	1605177558428	1605177558429	OK	 
REQUEST	Video Game DB	3		Get All Video Games	1605177558428	1605177558429	OK	 
REQUEST	Video Game DB	5		Get All Video Games	1605177558428	1605177558429	OK	 
REQUEST	Video Game DB	1		Get All Video Games	1605177558428	1605177558429	OK	 
REQUEST	Video Game DB	4		Get All Video Games	1605177558428	1605177558429	OK	 
REQUEST	Video Game DB	6		Get All Video Games	1605177558428	1605177558429	OK	 
REQUEST	Video Game DB	9		Get All Video Games	1605177558428	1605177558429	OK	 
REQUEST	Video Game DB	8		Get All Video Games	1605177558428	1605177558429	OK	 
REQUEST	Video Game DB	54		Get Specific Video Game	1605177558797	1605177558799	OK	 
REQUEST	Video Game DB	37		Get Specific Video Game	1605177558804	1605177558806	OK	 
REQUEST	Video Game DB	29		Get All Video Games	1605177558815	1605177558816	OK	 
REQUEST	Video Game DB	12		Get All Video Games	1605177558814	1605177558816	OK	 
REQUEST	Video Game DB	29		Get All Video Games	1605177558817	1605177558818	OK	 
REQUEST	Video Game DB	12		Get All Video Games	1605177558817	1605177558818	OK	 
REQUEST	Video Game DB	55		Get Specific Video Game	1605177559296	1605177559298	OK	 
REQUEST	Video Game DB	46		Get All Video Games	1605177559296	1605177559297	OK	 
REQUEST	Video Game DB	46		Get All Video Games	1605177559298	1605177559299	OK	 
REQUEST	Video Game DB	38		Get Specific Video Game	1605177559305	1605177559307	OK	 
REQUEST	Video Game DB	21		Get Specific Video Game	1605177559305	1605177559307	OK	 
REQUEST	Video Game DB	30		Get All Video Games	1605177559305	1605177559307	OK	 
REQUEST	Video Game DB	30		Get All Video Games	1605177559307	1605177559308	OK	 
REQUEST	Video Game DB	13		Get All Video Games	1605177559316	1605177559317	OK	 
REQUEST	Video Game DB	13		Get All Video Games	1605177559317	1605177559319	OK	 
REQUEST	Video Game DB	39		Get Specific Video Game	1605177559804	1605177559807	OK	 
REQUEST	Video Game DB	47		Get All Video Games	1605177559804	1605177559807	OK	 
REQUEST	Video Game DB	47		Get All Video Games	1605177559807	1605177559808	OK	 
REQUEST	Video Game DB	22		Get Specific Video Game	1605177559816	1605177559818	OK	 
REQUEST	Video Game DB	14		Get All Video Games	1605177559826	1605177559828	OK	 
REQUEST	Video Game DB	14		Get All Video Games	1605177559828	1605177559830	OK	 
REQUEST	Video Game DB	48		Get All Video Games	1605177560295	1605177560297	OK	 
REQUEST	Video Game DB	56		Get Specific Video Game	1605177560295	1605177560297	OK	 
REQUEST	Video Game DB	40		Get Specific Video Game	1605177560295	1605177560297	OK	 
REQUEST	Video Game DB	48		Get All Video Games	1605177560298	1605177560299	OK	 
REQUEST	Video Game DB	31		Get All Video Games	1605177560304	1605177560306	OK	 
REQUEST	Video Game DB	23		Get Specific Video Game	1605177560304	1605177560306	OK	 
REQUEST	Video Game DB	31		Get All Video Games	1605177560306	1605177560308	OK	 
REQUEST	Video Game DB	15		Get All Video Games	1605177560314	1605177560316	OK	 
REQUEST	Video Game DB	15		Get All Video Games	1605177560316	1605177560317	OK	 
REQUEST	Video Game DB	49		Get All Video Games	1605177560794	1605177560796	OK	 
REQUEST	Video Game DB	57		Get Specific Video Game	1605177560794	1605177560796	OK	 
REQUEST	Video Game DB	49		Get All Video Games	1605177560796	1605177560797	OK	 
REQUEST	Video Game DB	32		Get All Video Games	1605177560805	1605177560807	OK	 
REQUEST	Video Game DB	32		Get All Video Games	1605177560808	1605177560809	OK	 
REQUEST	Video Game DB	24		Get Specific Video Game	1605177560816	1605177560818	OK	 
REQUEST	Video Game DB	58		Get Specific Video Game	1605177561296	1605177561298	OK	 
REQUEST	Video Game DB	50		Get All Video Games	1605177561296	1605177561298	OK	 
REQUEST	Video Game DB	50		Get All Video Games	1605177561298	1605177561300	OK	 
REQUEST	Video Game DB	41		Get Specific Video Game	1605177561305	1605177561306	OK	 
REQUEST	Video Game DB	33		Get All Video Games	1605177561305	1605177561306	OK	 
REQUEST	Video Game DB	33		Get All Video Games	1605177561307	1605177561308	OK	 
REQUEST	Video Game DB	16		Get All Video Games	1605177561317	1605177561319	OK	 
REQUEST	Video Game DB	25		Get Specific Video Game	1605177561317	1605177561319	OK	 
REQUEST	Video Game DB	16		Get All Video Games	1605177561319	1605177561320	OK	 
REQUEST	Video Game DB	59		Get Specific Video Game	1605177561796	1605177561798	OK	 
REQUEST	Video Game DB	34		Get All Video Games	1605177561805	1605177561806	OK	 
REQUEST	Video Game DB	42		Get Specific Video Game	1605177561805	1605177561806	OK	 
REQUEST	Video Game DB	34		Get All Video Games	1605177561806	1605177561807	OK	 
REQUEST	Video Game DB	17		Get All Video Games	1605177561814	1605177561815	OK	 
REQUEST	Video Game DB	17		Get All Video Games	1605177561816	1605177561817	OK	 
REQUEST	Video Game DB	60		Get Specific Video Game	1605177562294	1605177562296	OK	 
REQUEST	Video Game DB	51		Get All Video Games	1605177562294	1605177562296	OK	 
REQUEST	Video Game DB	51		Get All Video Games	1605177562297	1605177562298	OK	 
REQUEST	Video Game DB	43		Get Specific Video Game	1605177562305	1605177562307	OK	 
REQUEST	Video Game DB	35		Get All Video Games	1605177562305	1605177562307	OK	 
REQUEST	Video Game DB	35		Get All Video Games	1605177562308	1605177562309	OK	 
REQUEST	Video Game DB	26		Get Specific Video Game	1605177562316	1605177562318	OK	 
REQUEST	Video Game DB	18		Get All Video Games	1605177562316	1605177562318	OK	 
REQUEST	Video Game DB	18		Get All Video Games	1605177562319	1605177562320	OK	 
REQUEST	Video Game DB	44		Get Specific Video Game	1605177562804	1605177562806	OK	 
REQUEST	Video Game DB	52		Get All Video Games	1605177562804	1605177562806	OK	 
REQUEST	Video Game DB	27		Get Specific Video Game	1605177562804	1605177562806	OK	 
REQUEST	Video Game DB	52		Get All Video Games	1605177562806	1605177562808	OK	 
REQUEST	Video Game DB	19		Get All Video Games	1605177562815	1605177562817	OK	 
REQUEST	Video Game DB	19		Get All Video Games	1605177562817	1605177562818	OK	 
